2024-04-25 22:12:29,608 - INFO - *** Starting PixelNeRF ***
2024-04-25 22:12:34,050 - INFO - Starting training
2024-04-25 22:13:13,791 - INFO - *** Starting PixelNeRF ***
2024-04-25 22:13:14,936 - INFO - Starting training
2024-04-25 22:14:53,083 - INFO - Iteration 0 PSNR: 7.0589494705200195
2024-04-25 22:16:00,446 - INFO - Iteration 1 PSNR: 7.064085006713867
2024-04-25 22:17:13,345 - INFO - Iteration 2 PSNR: 8.072580337524414
2024-04-25 22:18:16,544 - INFO - Iteration 3 PSNR: 12.539519309997559
2024-04-25 22:19:12,308 - INFO - Iteration 4 PSNR: 12.932064056396484
2024-04-25 22:20:13,747 - INFO - Iteration 5 PSNR: 13.040188789367676
2024-04-25 22:21:29,606 - INFO - Iteration 6 PSNR: 12.538748741149902
2024-04-25 22:22:50,071 - INFO - Iteration 7 PSNR: 12.179102897644043
2024-04-25 22:27:35,113 - INFO - *** Starting PixelNeRF ***
2024-04-25 22:27:39,175 - INFO - Starting training
2024-04-25 22:28:06,015 - INFO - *** Starting PixelNeRF ***
2024-04-25 22:28:09,775 - INFO - Starting training
2024-04-25 22:31:16,397 - INFO - Iteration 0 PSNR: 12.908945083618164
2024-04-25 22:31:47,759 - INFO - Iteration 1 PSNR: 13.6906099319458
2024-04-25 22:32:15,738 - INFO - Iteration 2 PSNR: 13.450752258300781
2024-04-25 22:32:45,682 - INFO - Iteration 3 PSNR: 13.160611152648926
2024-04-25 22:33:13,813 - INFO - Iteration 4 PSNR: 13.130169868469238
2024-04-25 22:33:44,757 - INFO - Iteration 5 PSNR: 13.088470458984375
2024-04-25 22:34:12,402 - INFO - Iteration 6 PSNR: 12.60161018371582
2024-04-25 22:34:43,247 - INFO - Iteration 7 PSNR: 12.31814956665039
2024-04-25 22:35:08,275 - INFO - Iteration 8 PSNR: 12.085832595825195
2024-04-25 22:35:36,297 - INFO - Iteration 9 PSNR: 12.171622276306152
2024-04-25 22:35:36,297 - INFO - Saving losses
2024-04-25 22:35:36,298 - INFO - Saving model
2024-04-25 22:35:36,304 - INFO - Saving optimizer
2024-04-25 22:35:36,332 - INFO - DONE!
2024-04-25 22:35:36,353 - INFO - *** Finished PixelNeRF ***
2024-04-25 22:38:07,393 - INFO - *** Starting PixelNeRF ***
2024-04-25 22:38:09,086 - INFO - Starting training
2024-04-25 22:38:39,036 - INFO - *** Starting PixelNeRF ***
2024-04-25 22:38:39,782 - INFO - Starting training
2024-04-25 22:39:19,901 - INFO - *** Starting PixelNeRF ***
2024-04-25 22:39:20,730 - INFO - Starting training
2024-04-25 22:42:06,323 - INFO - Iteration 0 PSNR: 6.564945697784424
2024-04-25 22:44:39,268 - INFO - Iteration 1 PSNR: 10.105891227722168
2024-04-25 22:47:28,474 - INFO - Iteration 2 PSNR: 9.017410278320312
2024-04-25 22:54:16,206 - INFO - Iteration 3 PSNR: 7.953282356262207
2024-04-25 23:08:03,597 - INFO - *** Starting PixelNeRF ***
2024-04-25 23:08:05,161 - INFO - Starting training
2024-04-25 23:10:31,571 - INFO - Iteration 0 PSNR: 6.564945697784424
2024-04-25 23:12:47,187 - INFO - Iteration 1 PSNR: 10.105891227722168
2024-04-25 23:12:47,188 - INFO - Saving losses
2024-04-25 23:12:47,188 - INFO - Saving model
2024-04-25 23:12:47,231 - INFO - Saving optimizer
2024-04-25 23:12:47,264 - INFO - Saving image encoder
2024-04-25 23:12:47,427 - INFO - DONE!
2024-04-25 23:12:47,655 - INFO - *** Finished PixelNeRF ***
