2024-04-22 19:41:10,988 - INFO - ***STARTING***
2024-04-22 19:41:11,458 - INFO - Started processing model with 4 early and 4 late layers for 66bdbc812bd0a196e194052f3f12cb2e
2024-04-22 19:41:12,398 - INFO - Iteration: 0, PSNR: 11.349688529968262
2024-04-22 19:41:18,889 - INFO - Iteration: 100, PSNR: 19.895099639892578
2024-04-22 19:41:25,449 - INFO - Iteration: 200, PSNR: 21.659353256225586
2024-04-22 19:41:31,987 - INFO - Iteration: 300, PSNR: 21.43760871887207
2024-04-22 19:41:38,330 - INFO - Iteration: 400, PSNR: 22.47879409790039
2024-04-22 19:41:44,413 - INFO - Iteration: 500, PSNR: 24.59595489501953
2024-04-22 19:41:50,585 - INFO - Iteration: 600, PSNR: 24.60080909729004
2024-04-22 19:41:57,000 - INFO - Iteration: 700, PSNR: 25.21137046813965
2024-04-22 19:42:03,373 - INFO - Iteration: 800, PSNR: 24.9349422454834
2024-04-22 19:42:09,744 - INFO - Iteration: 900, PSNR: 25.745553970336914
2024-04-22 19:42:16,801 - INFO - Iteration: 1000, PSNR: 26.077152252197266
2024-04-22 19:42:23,162 - INFO - Iteration: 1100, PSNR: 26.525516510009766
2024-04-22 19:42:29,840 - INFO - Iteration: 1200, PSNR: 25.173255920410156
2024-04-22 19:42:36,223 - INFO - Iteration: 1300, PSNR: 26.840999603271484
2024-04-22 19:42:42,604 - INFO - Iteration: 1400, PSNR: 26.365646362304688
2024-04-22 19:42:48,986 - INFO - Iteration: 1500, PSNR: 26.955968856811523
2024-04-22 19:42:55,281 - INFO - Iteration: 1600, PSNR: 26.9794864654541
2024-04-22 19:43:01,590 - INFO - Iteration: 1700, PSNR: 27.080812454223633
2024-04-22 19:43:07,868 - INFO - Iteration: 1800, PSNR: 27.68695640563965
2024-04-22 19:43:14,427 - INFO - Iteration: 1900, PSNR: 27.43711280822754
2024-04-22 19:43:20,888 - INFO - Iteration: 2000, PSNR: 26.72739028930664
2024-04-22 19:43:27,423 - INFO - Iteration: 2100, PSNR: 27.5339298248291
2024-04-22 19:43:33,818 - INFO - Iteration: 2200, PSNR: 28.002490997314453
2024-04-22 19:43:40,126 - INFO - Iteration: 2300, PSNR: 28.53349494934082
2024-04-22 19:43:46,769 - INFO - Iteration: 2400, PSNR: 28.811962127685547
2024-04-22 19:43:53,066 - INFO - Iteration: 2500, PSNR: 28.307933807373047
2024-04-22 19:43:59,623 - INFO - Iteration: 2600, PSNR: 28.917400360107422
2024-04-22 19:44:05,714 - INFO - Iteration: 2700, PSNR: 28.169429779052734
2024-04-22 19:44:11,811 - INFO - Iteration: 2800, PSNR: 28.791229248046875
2024-04-22 19:44:17,942 - INFO - Iteration: 2900, PSNR: 29.17841339111328
2024-04-22 19:44:24,793 - INFO - Iteration: 3000, PSNR: 28.984439849853516
2024-04-22 19:44:31,047 - INFO - Iteration: 3100, PSNR: 28.976518630981445
2024-04-22 19:44:37,526 - INFO - Iteration: 3200, PSNR: 29.505788803100586
2024-04-22 19:44:44,407 - INFO - Iteration: 3300, PSNR: 28.547536849975586
2024-04-22 19:44:51,029 - INFO - Iteration: 3400, PSNR: 29.25257682800293
2024-04-22 19:44:57,436 - INFO - Iteration: 3500, PSNR: 29.44867706298828
2024-04-22 19:45:03,500 - INFO - Iteration: 3600, PSNR: 29.020938873291016
2024-04-22 19:45:10,014 - INFO - Iteration: 3700, PSNR: 30.273515701293945
2024-04-22 19:45:16,394 - INFO - Iteration: 3800, PSNR: 30.008508682250977
2024-04-22 19:45:23,174 - INFO - Iteration: 3900, PSNR: 29.923391342163086
2024-04-22 19:45:29,502 - INFO - Iteration: 4000, PSNR: 30.465757369995117
2024-04-22 19:45:36,120 - INFO - Iteration: 4100, PSNR: 30.234352111816406
2024-04-22 19:45:42,558 - INFO - Iteration: 4200, PSNR: 29.87073516845703
2024-04-22 19:45:49,114 - INFO - Iteration: 4300, PSNR: 29.528125762939453
2024-04-22 19:45:55,598 - INFO - Iteration: 4400, PSNR: 30.479816436767578
2024-04-22 19:46:02,114 - INFO - Iteration: 4500, PSNR: 29.63055419921875
2024-04-22 19:46:08,839 - INFO - Iteration: 4600, PSNR: 30.437023162841797
2024-04-22 19:46:15,195 - INFO - Iteration: 4700, PSNR: 30.1377010345459
2024-04-22 19:46:21,844 - INFO - Iteration: 4800, PSNR: 30.788448333740234
2024-04-22 19:46:28,457 - INFO - Iteration: 4900, PSNR: 31.36362075805664
2024-04-22 19:46:34,830 - INFO - Iteration: 5000, PSNR: 31.019996643066406
2024-04-22 19:46:41,384 - INFO - Iteration: 5100, PSNR: 30.853195190429688
2024-04-22 19:46:47,418 - INFO - Iteration: 5200, PSNR: 31.47117805480957
2024-04-22 19:46:53,694 - INFO - Iteration: 5300, PSNR: 30.832910537719727
2024-04-22 19:47:00,556 - INFO - Iteration: 5400, PSNR: 31.39003562927246
2024-04-22 19:47:06,787 - INFO - Iteration: 5500, PSNR: 30.94322395324707
2024-04-22 19:47:13,150 - INFO - Iteration: 5600, PSNR: 31.005428314208984
2024-04-22 19:47:19,678 - INFO - Iteration: 5700, PSNR: 31.335338592529297
2024-04-22 19:47:25,930 - INFO - Iteration: 5800, PSNR: 30.858144760131836
2024-04-22 19:47:32,187 - INFO - Iteration: 5900, PSNR: 30.882469177246094
2024-04-22 19:47:39,144 - INFO - Iteration: 6000, PSNR: 32.14613342285156
2024-04-22 19:47:45,452 - INFO - Iteration: 6100, PSNR: 30.792715072631836
2024-04-22 19:47:51,955 - INFO - Iteration: 6200, PSNR: 32.17377471923828
2024-04-22 19:47:58,581 - INFO - Iteration: 6300, PSNR: 31.20853042602539
2024-04-22 19:48:04,750 - INFO - Iteration: 6400, PSNR: 30.550968170166016
2024-04-22 19:48:11,316 - INFO - Iteration: 6500, PSNR: 30.657808303833008
2024-04-22 19:48:17,941 - INFO - Iteration: 6600, PSNR: 31.853958129882812
2024-04-22 19:48:23,958 - INFO - Iteration: 6700, PSNR: 32.1739616394043
2024-04-22 19:48:30,257 - INFO - Iteration: 6800, PSNR: 31.4859619140625
2024-04-22 19:48:36,881 - INFO - Iteration: 6900, PSNR: 32.30046081542969
2024-04-22 19:48:43,289 - INFO - Iteration: 7000, PSNR: 31.057918548583984
2024-04-22 19:48:50,326 - INFO - Iteration: 7100, PSNR: 31.565921783447266
2024-04-22 19:48:56,937 - INFO - Iteration: 7200, PSNR: 31.71006202697754
2024-04-22 19:49:03,411 - INFO - Iteration: 7300, PSNR: 31.530235290527344
2024-04-22 19:49:09,780 - INFO - Iteration: 7400, PSNR: 32.15938186645508
2024-04-22 19:49:16,834 - INFO - Iteration: 7500, PSNR: 32.06772994995117
2024-04-22 19:49:23,107 - INFO - Iteration: 7600, PSNR: 32.43074035644531
2024-04-22 19:49:29,884 - INFO - Iteration: 7700, PSNR: 32.53399658203125
2024-04-22 19:49:36,702 - INFO - Iteration: 7800, PSNR: 31.574966430664062
2024-04-22 19:49:43,323 - INFO - Iteration: 7900, PSNR: 31.855022430419922
2024-04-22 19:49:50,118 - INFO - Iteration: 8000, PSNR: 31.970809936523438
2024-04-22 19:49:56,346 - INFO - Iteration: 8100, PSNR: 31.43783187866211
2024-04-22 19:50:02,743 - INFO - Iteration: 8200, PSNR: 32.249671936035156
2024-04-22 19:50:09,179 - INFO - Iteration: 8300, PSNR: 32.01370620727539
2024-04-22 19:50:15,582 - INFO - Iteration: 8400, PSNR: 32.6338996887207
2024-04-22 19:50:22,340 - INFO - Iteration: 8500, PSNR: 33.11540603637695
2024-04-22 19:50:28,738 - INFO - Iteration: 8600, PSNR: 32.528717041015625
2024-04-22 19:50:35,173 - INFO - Iteration: 8700, PSNR: 32.83757019042969
2024-04-22 19:50:41,703 - INFO - Iteration: 8800, PSNR: 32.56878662109375
2024-04-22 19:50:48,101 - INFO - Iteration: 8900, PSNR: 32.1912841796875
2024-04-22 19:50:54,415 - INFO - Iteration: 9000, PSNR: 32.18058776855469
2024-04-22 19:51:00,583 - INFO - Iteration: 9100, PSNR: 31.50535774230957
2024-04-22 19:51:07,115 - INFO - Iteration: 9200, PSNR: 31.74574089050293
2024-04-22 19:51:13,448 - INFO - Iteration: 9300, PSNR: 32.468326568603516
2024-04-22 19:51:19,621 - INFO - Iteration: 9400, PSNR: 31.97152328491211
2024-04-22 19:51:26,096 - INFO - Iteration: 9500, PSNR: 32.88776779174805
2024-04-22 19:51:32,652 - INFO - Iteration: 9600, PSNR: 32.06614303588867
2024-04-22 19:51:38,973 - INFO - Iteration: 9700, PSNR: 32.30042266845703
2024-04-22 19:51:45,278 - INFO - Iteration: 9800, PSNR: 31.041828155517578
2024-04-22 19:51:51,784 - INFO - Iteration: 9900, PSNR: 32.34716033935547
2024-04-22 19:51:58,501 - INFO - Iteration: 10000, PSNR: 32.748870849609375
2024-04-22 19:52:04,788 - INFO - Iteration: 10100, PSNR: 32.4110107421875
2024-04-22 19:52:11,246 - INFO - Iteration: 10200, PSNR: 32.96929168701172
2024-04-22 19:52:17,430 - INFO - Iteration: 10300, PSNR: 32.83102798461914
2024-04-22 19:52:23,904 - INFO - Iteration: 10400, PSNR: 32.770301818847656
2024-04-22 19:52:30,300 - INFO - Iteration: 10500, PSNR: 32.73190689086914
2024-04-22 19:52:36,599 - INFO - Iteration: 10600, PSNR: 32.668907165527344
2024-04-22 19:52:43,496 - INFO - Iteration: 10700, PSNR: 32.79861068725586
2024-04-22 19:52:49,805 - INFO - Iteration: 10800, PSNR: 32.345977783203125
2024-04-22 19:52:56,359 - INFO - Iteration: 10900, PSNR: 32.530609130859375
2024-04-22 19:53:03,145 - INFO - Iteration: 11000, PSNR: 32.92127990722656
2024-04-22 19:53:09,415 - INFO - Iteration: 11100, PSNR: 33.15074920654297
2024-04-22 19:53:15,926 - INFO - Iteration: 11200, PSNR: 32.918785095214844
2024-04-22 19:53:22,343 - INFO - Iteration: 11300, PSNR: 33.33753967285156
2024-04-22 19:53:28,925 - INFO - Iteration: 11400, PSNR: 33.432716369628906
2024-04-22 19:53:34,991 - INFO - Iteration: 11500, PSNR: 33.2617073059082
2024-04-22 19:53:41,787 - INFO - Iteration: 11600, PSNR: 33.030391693115234
2024-04-22 19:53:48,227 - INFO - Iteration: 11700, PSNR: 32.096282958984375
2024-04-22 19:53:54,664 - INFO - Iteration: 11800, PSNR: 32.926422119140625
2024-04-22 19:54:01,226 - INFO - Iteration: 11900, PSNR: 32.75216293334961
2024-04-22 19:54:08,222 - INFO - Iteration: 12000, PSNR: 32.881446838378906
2024-04-22 19:54:14,611 - INFO - Iteration: 12100, PSNR: 33.707759857177734
2024-04-22 19:54:21,097 - INFO - Iteration: 12200, PSNR: 31.870615005493164
2024-04-22 19:54:27,442 - INFO - Iteration: 12300, PSNR: 32.29151916503906
2024-04-22 19:54:33,964 - INFO - Iteration: 12400, PSNR: 32.75320053100586
2024-04-22 19:54:40,224 - INFO - Iteration: 12500, PSNR: 32.724388122558594
2024-04-22 19:54:46,520 - INFO - Iteration: 12600, PSNR: 32.97077941894531
2024-04-22 19:54:53,210 - INFO - Iteration: 12700, PSNR: 33.343421936035156
2024-04-22 19:54:59,560 - INFO - Iteration: 12800, PSNR: 32.96076965332031
2024-04-22 19:55:05,902 - INFO - Iteration: 12900, PSNR: 33.389259338378906
2024-04-22 19:55:12,315 - INFO - Iteration: 13000, PSNR: 33.335052490234375
2024-04-22 19:55:18,369 - INFO - Iteration: 13100, PSNR: 33.58599090576172
2024-04-22 19:55:24,523 - INFO - Iteration: 13200, PSNR: 33.242332458496094
2024-04-22 19:55:30,895 - INFO - Iteration: 13300, PSNR: 33.606571197509766
2024-04-22 19:55:37,080 - INFO - Iteration: 13400, PSNR: 33.449825286865234
2024-04-22 19:55:43,627 - INFO - Iteration: 13500, PSNR: 32.78657150268555
2024-04-22 19:55:50,050 - INFO - Iteration: 13600, PSNR: 33.69068908691406
2024-04-22 19:55:56,577 - INFO - Iteration: 13700, PSNR: 33.19168472290039
2024-04-22 19:56:03,118 - INFO - Iteration: 13800, PSNR: 32.60757064819336
2024-04-22 19:56:09,894 - INFO - Iteration: 13900, PSNR: 33.200828552246094
2024-04-22 19:56:16,601 - INFO - Iteration: 14000, PSNR: 32.92019271850586
2024-04-22 19:56:23,254 - INFO - Iteration: 14100, PSNR: 33.37608337402344
2024-04-22 19:56:30,202 - INFO - Iteration: 14200, PSNR: 32.65303421020508
2024-04-22 19:56:36,990 - INFO - Iteration: 14300, PSNR: 33.41691589355469
2024-04-22 19:56:44,098 - INFO - Iteration: 14400, PSNR: 32.7935905456543
2024-04-22 19:56:50,752 - INFO - Iteration: 14500, PSNR: 33.60564422607422
2024-04-22 19:56:57,656 - INFO - Iteration: 14600, PSNR: 32.88310241699219
2024-04-22 19:57:04,530 - INFO - Iteration: 14700, PSNR: 32.920040130615234
2024-04-22 19:57:11,435 - INFO - Iteration: 14800, PSNR: 33.79287338256836
2024-04-22 19:57:18,447 - INFO - Iteration: 14900, PSNR: 33.38380432128906
2024-04-22 19:57:25,346 - INFO - Iteration: 15000, PSNR: 33.77458953857422
2024-04-22 19:57:32,616 - INFO - Iteration: 15100, PSNR: 33.93263244628906
2024-04-22 19:57:39,096 - INFO - Iteration: 15200, PSNR: 33.619075775146484
2024-04-22 19:57:46,070 - INFO - Iteration: 15300, PSNR: 33.08477020263672
2024-04-22 19:57:52,795 - INFO - Iteration: 15400, PSNR: 33.58522415161133
2024-04-22 19:57:59,550 - INFO - Iteration: 15500, PSNR: 32.74183654785156
2024-04-22 19:58:06,379 - INFO - Iteration: 15600, PSNR: 33.319427490234375
2024-04-22 19:58:13,111 - INFO - Iteration: 15700, PSNR: 34.06130599975586
2024-04-22 19:58:19,912 - INFO - Iteration: 15800, PSNR: 33.300926208496094
2024-04-22 19:58:27,074 - INFO - Iteration: 15900, PSNR: 33.47432327270508
2024-04-22 19:58:33,908 - INFO - Iteration: 16000, PSNR: 33.97678756713867
2024-04-22 19:58:40,775 - INFO - Iteration: 16100, PSNR: 33.28221130371094
2024-04-22 19:58:47,466 - INFO - Iteration: 16200, PSNR: 34.34896469116211
2024-04-22 19:58:54,267 - INFO - Iteration: 16300, PSNR: 33.600624084472656
2024-04-22 19:59:01,248 - INFO - Iteration: 16400, PSNR: 33.442237854003906
2024-04-22 19:59:07,867 - INFO - Iteration: 16500, PSNR: 33.88572692871094
2024-04-22 19:59:14,667 - INFO - Iteration: 16600, PSNR: 33.74998474121094
2024-04-22 19:59:21,749 - INFO - Iteration: 16700, PSNR: 33.4879035949707
2024-04-22 19:59:28,459 - INFO - Iteration: 16800, PSNR: 33.56416702270508
2024-04-22 19:59:34,896 - INFO - Iteration: 16900, PSNR: 33.0423698425293
2024-04-22 19:59:41,760 - INFO - Iteration: 17000, PSNR: 33.520843505859375
2024-04-22 19:59:48,755 - INFO - Iteration: 17100, PSNR: 34.27937698364258
2024-04-22 19:59:55,707 - INFO - Iteration: 17200, PSNR: 33.896175384521484
2024-04-22 20:00:02,644 - INFO - Iteration: 17300, PSNR: 33.82853317260742
2024-04-22 20:00:09,206 - INFO - Iteration: 17400, PSNR: 34.12532424926758
2024-04-22 20:00:15,950 - INFO - Iteration: 17500, PSNR: 34.09712219238281
2024-04-22 20:00:22,719 - INFO - Iteration: 17600, PSNR: 33.618343353271484
2024-04-22 20:00:29,576 - INFO - Iteration: 17700, PSNR: 33.518280029296875
2024-04-22 20:00:36,131 - INFO - Iteration: 17800, PSNR: 33.42329025268555
2024-04-22 20:00:43,048 - INFO - Iteration: 17900, PSNR: 33.26008224487305
2024-04-22 20:00:49,888 - INFO - Iteration: 18000, PSNR: 33.501190185546875
2024-04-22 20:00:56,694 - INFO - Iteration: 18100, PSNR: 34.131858825683594
2024-04-22 20:01:03,695 - INFO - Iteration: 18200, PSNR: 33.734676361083984
2024-04-22 20:01:10,503 - INFO - Iteration: 18300, PSNR: 33.65239715576172
2024-04-22 20:01:16,922 - INFO - Iteration: 18400, PSNR: 34.14006042480469
2024-04-22 20:01:23,897 - INFO - Iteration: 18500, PSNR: 34.10145950317383
2024-04-22 20:01:30,409 - INFO - Iteration: 18600, PSNR: 33.80656814575195
2024-04-22 20:01:37,145 - INFO - Iteration: 18700, PSNR: 32.83843994140625
2024-04-22 20:01:44,071 - INFO - Iteration: 18800, PSNR: 34.11517333984375
2024-04-22 20:01:50,698 - INFO - Iteration: 18900, PSNR: 33.248573303222656
2024-04-22 20:01:57,778 - INFO - Iteration: 19000, PSNR: 33.40153121948242
2024-04-22 20:02:04,274 - INFO - Iteration: 19100, PSNR: 33.28936767578125
2024-04-22 20:02:10,680 - INFO - Iteration: 19200, PSNR: 33.59137725830078
2024-04-22 20:02:17,385 - INFO - Iteration: 19300, PSNR: 33.480838775634766
2024-04-22 20:02:24,225 - INFO - Iteration: 19400, PSNR: 33.561973571777344
2024-04-22 20:02:31,053 - INFO - Iteration: 19500, PSNR: 34.5284309387207
2024-04-22 20:02:37,862 - INFO - Iteration: 19600, PSNR: 34.127349853515625
2024-04-22 20:02:44,913 - INFO - Iteration: 19700, PSNR: 33.466064453125
2024-04-22 20:02:51,576 - INFO - Iteration: 19800, PSNR: 33.46605682373047
2024-04-22 20:02:58,258 - INFO - Iteration: 19900, PSNR: 33.64009094238281
2024-04-22 20:03:04,722 - INFO - Processed model with 4 early and 4 late layers
2024-04-22 20:03:04,723 - INFO - Saving losses
2024-04-22 20:03:04,724 - INFO - Saving model
2024-04-22 20:03:04,731 - INFO - Saving optimizer
2024-04-22 20:03:04,735 - INFO - DONE!
2024-04-22 20:03:04,736 - INFO - ***FINISHED***

2024-04-22 20:33:32,028 - INFO - ***STARTING***
2024-04-22 20:33:33,859 - INFO - Started processing model with 4 early and 4 late layers for 1a2d2208f73d0531cec33e62192b66e5
2024-04-22 20:33:34,637 - INFO - Iteration: 0, PSNR: 12.145957946777344
2024-04-22 20:33:40,811 - INFO - Iteration: 100, PSNR: 19.373323440551758
2024-04-22 20:33:47,046 - INFO - Iteration: 200, PSNR: 20.300016403198242
2024-04-22 20:33:53,500 - INFO - Iteration: 300, PSNR: 20.947877883911133
2024-04-22 20:33:59,645 - INFO - Iteration: 400, PSNR: 20.94289779663086
2024-04-22 20:34:06,102 - INFO - Iteration: 500, PSNR: 21.12419319152832
2024-04-22 20:34:12,192 - INFO - Iteration: 600, PSNR: 21.690757751464844
2024-04-22 20:34:18,609 - INFO - Iteration: 700, PSNR: 21.612844467163086
2024-04-22 20:34:24,685 - INFO - Iteration: 800, PSNR: 21.53731346130371
2024-04-22 20:34:31,067 - INFO - Iteration: 900, PSNR: 21.994892120361328
2024-04-22 20:34:37,521 - INFO - Iteration: 1000, PSNR: 22.19992446899414
2024-04-22 20:34:43,714 - INFO - Iteration: 1100, PSNR: 21.2706298828125
2024-04-22 20:34:50,312 - INFO - Iteration: 1200, PSNR: 22.005474090576172
2024-04-22 20:34:56,708 - INFO - Iteration: 1300, PSNR: 22.445701599121094
2024-04-22 20:35:03,029 - INFO - Iteration: 1400, PSNR: 22.467252731323242
2024-04-22 20:35:09,533 - INFO - Iteration: 1500, PSNR: 22.381954193115234
2024-04-22 20:35:15,884 - INFO - Iteration: 1600, PSNR: 22.666866302490234
2024-04-22 20:35:22,078 - INFO - Iteration: 1700, PSNR: 22.434459686279297
2024-04-22 20:35:28,412 - INFO - Iteration: 1800, PSNR: 22.73204803466797
2024-04-22 20:35:34,977 - INFO - Iteration: 1900, PSNR: 23.069698333740234
2024-04-22 20:35:41,555 - INFO - Iteration: 2000, PSNR: 22.101749420166016
2024-04-22 20:35:48,143 - INFO - Iteration: 2100, PSNR: 22.92339515686035
2024-04-22 20:35:54,489 - INFO - Iteration: 2200, PSNR: 23.150463104248047
2024-04-22 20:36:01,016 - INFO - Iteration: 2300, PSNR: 22.93753433227539
2024-04-22 20:36:07,218 - INFO - Iteration: 2400, PSNR: 23.334030151367188
2024-04-22 20:36:13,350 - INFO - Iteration: 2500, PSNR: 23.679468154907227
2024-04-22 20:36:19,745 - INFO - Iteration: 2600, PSNR: 23.527687072753906
2024-04-22 20:36:25,908 - INFO - Iteration: 2700, PSNR: 23.152137756347656
2024-04-22 20:36:32,425 - INFO - Iteration: 2800, PSNR: 23.7661075592041
2024-04-22 20:36:38,535 - INFO - Iteration: 2900, PSNR: 23.835140228271484
2024-04-22 20:36:45,100 - INFO - Iteration: 3000, PSNR: 23.38343048095703
2024-04-22 20:36:51,415 - INFO - Iteration: 3100, PSNR: 23.565650939941406
2024-04-22 20:36:57,745 - INFO - Iteration: 3200, PSNR: 23.804241180419922
2024-04-22 20:37:04,296 - INFO - Iteration: 3300, PSNR: 24.011417388916016
2024-04-22 20:37:10,696 - INFO - Iteration: 3400, PSNR: 24.31908416748047
2024-04-22 20:37:16,885 - INFO - Iteration: 3500, PSNR: 24.254261016845703
2024-04-22 20:37:23,272 - INFO - Iteration: 3600, PSNR: 24.62294578552246
2024-04-22 20:37:29,901 - INFO - Iteration: 3700, PSNR: 24.178165435791016
2024-04-22 20:37:36,121 - INFO - Iteration: 3800, PSNR: 24.436569213867188
2024-04-22 20:37:42,216 - INFO - Iteration: 3900, PSNR: 24.95508575439453
2024-04-22 20:37:49,123 - INFO - Iteration: 4000, PSNR: 24.663637161254883
2024-04-22 20:37:55,432 - INFO - Iteration: 4100, PSNR: 24.665796279907227
2024-04-22 20:38:01,496 - INFO - Iteration: 4200, PSNR: 24.80461883544922
2024-04-22 20:38:07,754 - INFO - Iteration: 4300, PSNR: 24.953630447387695
2024-04-22 20:38:14,049 - INFO - Iteration: 4400, PSNR: 25.1680908203125
2024-04-22 20:38:20,212 - INFO - Iteration: 4500, PSNR: 24.969791412353516
2024-04-22 20:38:26,863 - INFO - Iteration: 4600, PSNR: 24.749317169189453
2024-04-22 20:38:33,165 - INFO - Iteration: 4700, PSNR: 23.825912475585938
2024-04-22 20:38:39,352 - INFO - Iteration: 4800, PSNR: 24.802026748657227
2024-04-22 20:38:45,795 - INFO - Iteration: 4900, PSNR: 25.248207092285156
2024-04-22 20:38:52,305 - INFO - Iteration: 5000, PSNR: 25.106739044189453
2024-04-22 20:38:58,594 - INFO - Iteration: 5100, PSNR: 24.972049713134766
2024-04-22 20:39:04,813 - INFO - Iteration: 5200, PSNR: 25.064529418945312
2024-04-22 20:39:11,010 - INFO - Iteration: 5300, PSNR: 25.051761627197266
2024-04-22 20:39:17,671 - INFO - Iteration: 5400, PSNR: 25.197559356689453
2024-04-22 20:39:24,232 - INFO - Iteration: 5500, PSNR: 25.388446807861328
2024-04-22 20:39:30,559 - INFO - Iteration: 5600, PSNR: 25.526195526123047
2024-04-22 20:39:36,932 - INFO - Iteration: 5700, PSNR: 25.61825180053711
2024-04-22 20:39:43,397 - INFO - Iteration: 5800, PSNR: 25.304033279418945
2024-04-22 20:39:50,022 - INFO - Iteration: 5900, PSNR: 25.60454559326172
2024-04-22 20:39:56,469 - INFO - Iteration: 6000, PSNR: 25.281906127929688
2024-04-22 20:40:02,892 - INFO - Iteration: 6100, PSNR: 25.38753318786621
2024-04-22 20:40:09,166 - INFO - Iteration: 6200, PSNR: 25.789886474609375
2024-04-22 20:40:15,052 - INFO - Iteration: 6300, PSNR: 25.695148468017578
2024-04-22 20:40:21,205 - INFO - Iteration: 6400, PSNR: 25.76040267944336
2024-04-22 20:40:27,586 - INFO - Iteration: 6500, PSNR: 25.594608306884766
2024-04-22 20:40:33,739 - INFO - Iteration: 6600, PSNR: 25.74638557434082
2024-04-22 20:40:40,452 - INFO - Iteration: 6700, PSNR: 25.70142936706543
2024-04-22 20:40:47,173 - INFO - Iteration: 6800, PSNR: 25.294292449951172
2024-04-22 20:40:53,342 - INFO - Iteration: 6900, PSNR: 25.563127517700195
2024-04-22 20:40:59,887 - INFO - Iteration: 7000, PSNR: 26.11952781677246
2024-04-22 20:41:06,160 - INFO - Iteration: 7100, PSNR: 25.96200180053711
2024-04-22 20:41:12,966 - INFO - Iteration: 7200, PSNR: 25.588533401489258
2024-04-22 20:41:19,645 - INFO - Iteration: 7300, PSNR: 26.135147094726562
2024-04-22 20:41:25,750 - INFO - Iteration: 7400, PSNR: 25.888668060302734
2024-04-22 20:41:32,030 - INFO - Iteration: 7500, PSNR: 25.774578094482422
2024-04-22 20:41:38,180 - INFO - Iteration: 7600, PSNR: 25.494863510131836
2024-04-22 20:41:44,660 - INFO - Iteration: 7700, PSNR: 26.179677963256836
2024-04-22 20:41:50,876 - INFO - Iteration: 7800, PSNR: 25.574434280395508
2024-04-22 20:41:57,630 - INFO - Iteration: 7900, PSNR: 26.03036117553711
2024-04-22 20:42:03,898 - INFO - Iteration: 8000, PSNR: 25.998353958129883
2024-04-22 20:42:10,643 - INFO - Iteration: 8100, PSNR: 25.788105010986328
2024-04-22 20:42:16,908 - INFO - Iteration: 8200, PSNR: 26.33283805847168
2024-04-22 20:42:23,664 - INFO - Iteration: 8300, PSNR: 26.462242126464844
2024-04-22 20:42:30,042 - INFO - Iteration: 8400, PSNR: 25.07330322265625
2024-04-22 20:42:36,638 - INFO - Iteration: 8500, PSNR: 26.1586971282959
2024-04-22 20:42:42,956 - INFO - Iteration: 8600, PSNR: 26.303007125854492
2024-04-22 20:42:49,516 - INFO - Iteration: 8700, PSNR: 25.99288558959961
2024-04-22 20:42:56,157 - INFO - Iteration: 8800, PSNR: 26.002511978149414
2024-04-22 20:43:02,717 - INFO - Iteration: 8900, PSNR: 25.4151554107666
2024-04-22 20:43:09,218 - INFO - Iteration: 9000, PSNR: 26.424837112426758
2024-04-22 20:43:15,773 - INFO - Iteration: 9100, PSNR: 26.254779815673828
2024-04-22 20:43:22,142 - INFO - Iteration: 9200, PSNR: 26.332853317260742
2024-04-22 20:43:28,415 - INFO - Iteration: 9300, PSNR: 27.00920295715332
2024-04-22 20:43:35,011 - INFO - Iteration: 9400, PSNR: 26.517169952392578
2024-04-22 20:43:41,402 - INFO - Iteration: 9500, PSNR: 26.268016815185547
2024-04-22 20:43:47,931 - INFO - Iteration: 9600, PSNR: 26.31167221069336
2024-04-22 20:43:54,597 - INFO - Iteration: 9700, PSNR: 26.317230224609375
2024-04-22 20:44:00,813 - INFO - Iteration: 9800, PSNR: 25.871139526367188
2024-04-22 20:44:07,314 - INFO - Iteration: 9900, PSNR: 26.432531356811523
2024-04-22 20:44:13,835 - INFO - Iteration: 10000, PSNR: 26.510746002197266
2024-04-22 20:44:20,412 - INFO - Iteration: 10100, PSNR: 25.93584442138672
2024-04-22 20:44:27,134 - INFO - Iteration: 10200, PSNR: 26.61992645263672
2024-04-22 20:44:33,412 - INFO - Iteration: 10300, PSNR: 26.15106964111328
2024-04-22 20:44:39,569 - INFO - Iteration: 10400, PSNR: 26.74045181274414
2024-04-22 20:44:45,803 - INFO - Iteration: 10500, PSNR: 26.516738891601562
2024-04-22 20:44:51,976 - INFO - Iteration: 10600, PSNR: 26.254941940307617
2024-04-22 20:44:58,150 - INFO - Iteration: 10700, PSNR: 27.229585647583008
2024-04-22 20:45:04,642 - INFO - Iteration: 10800, PSNR: 26.490550994873047
2024-04-22 20:45:11,554 - INFO - Iteration: 10900, PSNR: 26.457921981811523
2024-04-22 20:45:17,912 - INFO - Iteration: 11000, PSNR: 26.81199836730957
2024-04-22 20:45:24,065 - INFO - Iteration: 11100, PSNR: 26.451997756958008
2024-04-22 20:45:29,963 - INFO - Iteration: 11200, PSNR: 26.7945556640625
2024-04-22 20:45:35,998 - INFO - Iteration: 11300, PSNR: 26.293960571289062
2024-04-22 20:45:42,404 - INFO - Iteration: 11400, PSNR: 26.235660552978516
2024-04-22 20:45:48,843 - INFO - Iteration: 11500, PSNR: 26.902942657470703
2024-04-22 20:45:55,049 - INFO - Iteration: 11600, PSNR: 25.790626525878906
2024-04-22 20:46:01,170 - INFO - Iteration: 11700, PSNR: 27.002105712890625
2024-04-22 20:46:07,685 - INFO - Iteration: 11800, PSNR: 26.596324920654297
2024-04-22 20:46:13,853 - INFO - Iteration: 11900, PSNR: 26.563432693481445
2024-04-22 20:46:20,383 - INFO - Iteration: 12000, PSNR: 26.849822998046875
2024-04-22 20:46:26,462 - INFO - Iteration: 12100, PSNR: 26.59425926208496
2024-04-22 20:46:32,627 - INFO - Iteration: 12200, PSNR: 26.342071533203125
2024-04-22 20:46:38,834 - INFO - Iteration: 12300, PSNR: 26.660364151000977
2024-04-22 20:46:45,120 - INFO - Iteration: 12400, PSNR: 26.56242561340332
2024-04-22 20:46:51,255 - INFO - Iteration: 12500, PSNR: 26.20851707458496
2024-04-22 20:46:57,619 - INFO - Iteration: 12600, PSNR: 26.43974494934082
2024-04-22 20:47:03,815 - INFO - Iteration: 12700, PSNR: 26.97771453857422
2024-04-22 20:47:10,043 - INFO - Iteration: 12800, PSNR: 26.80284881591797
2024-04-22 20:47:16,743 - INFO - Iteration: 12900, PSNR: 27.178497314453125
2024-04-22 20:47:23,195 - INFO - Iteration: 13000, PSNR: 26.98554801940918
2024-04-22 20:47:29,451 - INFO - Iteration: 13100, PSNR: 26.562744140625
2024-04-22 20:47:35,812 - INFO - Iteration: 13200, PSNR: 26.795886993408203
2024-04-22 20:47:42,220 - INFO - Iteration: 13300, PSNR: 27.0256404876709
2024-04-22 20:47:48,663 - INFO - Iteration: 13400, PSNR: 27.26508331298828
2024-04-22 20:47:55,438 - INFO - Iteration: 13500, PSNR: 26.625926971435547
2024-04-22 20:48:01,557 - INFO - Iteration: 13600, PSNR: 26.66802215576172
2024-04-22 20:48:07,786 - INFO - Iteration: 13700, PSNR: 27.07477378845215
2024-04-22 20:48:14,027 - INFO - Iteration: 13800, PSNR: 27.147476196289062
2024-04-22 20:48:20,111 - INFO - Iteration: 13900, PSNR: 26.81678009033203
2024-04-22 20:48:26,682 - INFO - Iteration: 14000, PSNR: 26.899494171142578
2024-04-22 20:48:32,959 - INFO - Iteration: 14100, PSNR: 26.2740478515625
2024-04-22 20:48:39,246 - INFO - Iteration: 14200, PSNR: 26.58358383178711
2024-04-22 20:48:45,571 - INFO - Iteration: 14300, PSNR: 26.473262786865234
2024-04-22 20:48:51,927 - INFO - Iteration: 14400, PSNR: 26.560081481933594
2024-04-22 20:48:58,155 - INFO - Iteration: 14500, PSNR: 27.428760528564453
2024-04-22 20:49:04,227 - INFO - Iteration: 14600, PSNR: 27.09793472290039
2024-04-22 20:49:10,770 - INFO - Iteration: 14700, PSNR: 27.376726150512695
2024-04-22 20:49:17,212 - INFO - Iteration: 14800, PSNR: 27.170602798461914
2024-04-22 20:49:23,581 - INFO - Iteration: 14900, PSNR: 26.947044372558594
2024-04-22 20:49:30,028 - INFO - Iteration: 15000, PSNR: 26.839618682861328
2024-04-22 20:49:36,549 - INFO - Iteration: 15100, PSNR: 26.96837615966797
2024-04-22 20:49:42,884 - INFO - Iteration: 15200, PSNR: 26.781967163085938
2024-04-22 20:49:49,913 - INFO - Iteration: 15300, PSNR: 26.876262664794922
2024-04-22 20:49:56,351 - INFO - Iteration: 15400, PSNR: 26.54216766357422
2024-04-22 20:50:02,386 - INFO - Iteration: 15500, PSNR: 26.57239532470703
2024-04-22 20:50:08,865 - INFO - Iteration: 15600, PSNR: 26.99429702758789
2024-04-22 20:50:15,148 - INFO - Iteration: 15700, PSNR: 26.881431579589844
2024-04-22 20:50:21,438 - INFO - Iteration: 15800, PSNR: 26.927289962768555
2024-04-22 20:50:27,696 - INFO - Iteration: 15900, PSNR: 26.727989196777344
2024-04-22 20:50:34,234 - INFO - Iteration: 16000, PSNR: 26.908710479736328
2024-04-22 20:50:40,408 - INFO - Iteration: 16100, PSNR: 26.540870666503906
2024-04-22 20:50:46,675 - INFO - Iteration: 16200, PSNR: 26.78278923034668
2024-04-22 20:50:52,900 - INFO - Iteration: 16300, PSNR: 26.962032318115234
2024-04-22 20:50:59,160 - INFO - Iteration: 16400, PSNR: 27.291061401367188
2024-04-22 20:51:05,424 - INFO - Iteration: 16500, PSNR: 26.75302505493164
2024-04-22 20:51:11,896 - INFO - Iteration: 16600, PSNR: 26.74529266357422
2024-04-22 20:51:18,267 - INFO - Iteration: 16700, PSNR: 27.473356246948242
2024-04-22 20:51:24,770 - INFO - Iteration: 16800, PSNR: 27.0531005859375
2024-04-22 20:51:30,950 - INFO - Iteration: 16900, PSNR: 26.75372886657715
2024-04-22 20:51:37,621 - INFO - Iteration: 17000, PSNR: 26.952651977539062
2024-04-22 20:51:44,127 - INFO - Iteration: 17100, PSNR: 26.96853256225586
2024-04-22 20:51:50,349 - INFO - Iteration: 17200, PSNR: 26.971309661865234
2024-04-22 20:51:56,940 - INFO - Iteration: 17300, PSNR: 27.290809631347656
2024-04-22 20:52:03,434 - INFO - Iteration: 17400, PSNR: 27.236053466796875
2024-04-22 20:52:09,640 - INFO - Iteration: 17500, PSNR: 26.72962188720703
2024-04-22 20:52:15,966 - INFO - Iteration: 17600, PSNR: 27.036148071289062
2024-04-22 20:52:22,584 - INFO - Iteration: 17700, PSNR: 27.15817642211914
2024-04-22 20:52:28,780 - INFO - Iteration: 17800, PSNR: 26.98786735534668
2024-04-22 20:52:35,470 - INFO - Iteration: 17900, PSNR: 27.274005889892578
2024-04-22 20:52:42,063 - INFO - Iteration: 18000, PSNR: 27.261106491088867
2024-04-22 20:52:48,209 - INFO - Iteration: 18100, PSNR: 27.191486358642578
2024-04-22 20:52:54,872 - INFO - Iteration: 18200, PSNR: 27.16201400756836
2024-04-22 20:53:00,987 - INFO - Iteration: 18300, PSNR: 27.43001937866211
2024-04-22 20:53:07,347 - INFO - Iteration: 18400, PSNR: 27.254505157470703
2024-04-22 20:53:13,923 - INFO - Iteration: 18500, PSNR: 26.773347854614258
2024-04-22 20:53:20,181 - INFO - Iteration: 18600, PSNR: 27.48858642578125
2024-04-22 20:53:26,355 - INFO - Iteration: 18700, PSNR: 27.515756607055664
2024-04-22 20:53:32,741 - INFO - Iteration: 18800, PSNR: 27.433164596557617
2024-04-22 20:53:38,950 - INFO - Iteration: 18900, PSNR: 27.252819061279297
2024-04-22 20:53:45,781 - INFO - Iteration: 19000, PSNR: 27.244873046875
2024-04-22 20:53:52,082 - INFO - Iteration: 19100, PSNR: 26.877647399902344
2024-04-22 20:53:58,417 - INFO - Iteration: 19200, PSNR: 25.954845428466797
2024-04-22 20:54:04,859 - INFO - Iteration: 19300, PSNR: 27.190773010253906
2024-04-22 20:54:11,179 - INFO - Iteration: 19400, PSNR: 27.420780181884766
2024-04-22 20:54:17,658 - INFO - Iteration: 19500, PSNR: 25.707780838012695
2024-04-22 20:54:24,374 - INFO - Iteration: 19600, PSNR: 27.362863540649414
2024-04-22 20:54:30,806 - INFO - Iteration: 19700, PSNR: 27.60513687133789
2024-04-22 20:54:37,270 - INFO - Iteration: 19800, PSNR: 27.302453994750977
2024-04-22 20:54:43,504 - INFO - Iteration: 19900, PSNR: 27.436565399169922
2024-04-22 20:54:49,486 - INFO - Processed model with 4 early and 4 late layers
2024-04-22 20:54:49,486 - INFO - Saving losses
2024-04-22 20:54:49,487 - INFO - Saving model
2024-04-22 20:54:49,499 - INFO - Saving optimizer
2024-04-22 20:54:49,504 - INFO - DONE!
2024-04-22 20:54:49,520 - INFO - ***FINISHED***
