2024-04-22 23:12:49,072 - INFO - ***STARTING***
2024-04-22 23:14:29,044 - INFO - ***STARTING***
2024-04-22 23:14:30,770 - INFO - Started processing model with 4 early and 4 late layers for 1a2d2208f73d0531cec33e62192b66e5
2024-04-22 23:15:40,755 - INFO - ***STARTING***
2024-04-22 23:15:42,286 - INFO - Started processing model with 4 early and 4 late layers for 1a2d2208f73d0531cec33e62192b66e5
2024-04-22 23:19:33,288 - INFO - ***STARTING***
2024-04-22 23:19:35,438 - INFO - Started processing model with 4 early and 4 late layers for 1a2d2208f73d0531cec33e62192b66e5
2024-04-22 23:19:36,613 - INFO - Iteration: 0, PSNR: 15.846839904785156
2024-04-22 23:19:45,936 - INFO - Iteration: 100, PSNR: 20.762630462646484
2024-04-22 23:19:55,260 - INFO - Iteration: 200, PSNR: 19.955385208129883
2024-04-22 23:20:04,725 - INFO - Iteration: 300, PSNR: 20.807846069335938
2024-04-22 23:20:14,242 - INFO - Iteration: 400, PSNR: 21.791475296020508
2024-04-22 23:20:23,941 - INFO - Iteration: 500, PSNR: 22.388427734375
2024-04-22 23:20:32,877 - INFO - Iteration: 600, PSNR: 22.836994171142578
2024-04-22 23:20:42,261 - INFO - Iteration: 700, PSNR: 22.9914493560791
2024-04-22 23:20:51,302 - INFO - Iteration: 800, PSNR: 23.202011108398438
2024-04-22 23:21:00,313 - INFO - Iteration: 900, PSNR: 22.67315101623535
2024-04-22 23:21:10,270 - INFO - Iteration: 1000, PSNR: 23.611736297607422
2024-04-22 23:21:19,327 - INFO - Iteration: 1100, PSNR: 22.244422912597656
2024-04-22 23:21:28,133 - INFO - Iteration: 1200, PSNR: 23.638145446777344
2024-04-22 23:21:37,358 - INFO - Iteration: 1300, PSNR: 23.870681762695312
2024-04-22 23:21:46,654 - INFO - Iteration: 1400, PSNR: 24.091005325317383
2024-04-22 23:21:55,571 - INFO - Iteration: 1500, PSNR: 23.58107566833496
2024-04-22 23:22:04,419 - INFO - Iteration: 1600, PSNR: 23.551250457763672
2024-04-22 23:22:13,024 - INFO - Iteration: 1700, PSNR: 23.925430297851562
2024-04-22 23:22:22,141 - INFO - Iteration: 1800, PSNR: 24.30307388305664
2024-04-22 23:22:31,643 - INFO - Iteration: 1900, PSNR: 24.46714210510254
2024-04-22 23:22:40,921 - INFO - Iteration: 2000, PSNR: 24.2847843170166
2024-04-22 23:22:50,151 - INFO - Iteration: 2100, PSNR: 24.529903411865234
2024-04-22 23:22:58,876 - INFO - Iteration: 2200, PSNR: 24.35633087158203
2024-04-22 23:23:08,465 - INFO - Iteration: 2300, PSNR: 24.809295654296875
2024-04-22 23:23:17,637 - INFO - Iteration: 2400, PSNR: 25.021591186523438
2024-04-22 23:23:26,755 - INFO - Iteration: 2500, PSNR: 24.599130630493164
2024-04-22 23:23:36,041 - INFO - Iteration: 2600, PSNR: 25.00493049621582
2024-04-22 23:23:45,539 - INFO - Iteration: 2700, PSNR: 25.272933959960938
2024-04-22 23:23:54,916 - INFO - Iteration: 2800, PSNR: 25.172719955444336
2024-04-22 23:24:04,256 - INFO - Iteration: 2900, PSNR: 25.28835105895996
2024-04-22 23:24:13,902 - INFO - Iteration: 3000, PSNR: 25.57598114013672
2024-04-22 23:24:22,970 - INFO - Iteration: 3100, PSNR: 23.67174530029297
2024-04-22 23:24:32,250 - INFO - Iteration: 3200, PSNR: 25.561382293701172
2024-04-22 23:24:41,104 - INFO - Iteration: 3300, PSNR: 24.311176300048828
2024-04-22 23:24:50,390 - INFO - Iteration: 3400, PSNR: 24.42116928100586
2024-04-22 23:24:59,837 - INFO - Iteration: 3500, PSNR: 25.888893127441406
2024-04-22 23:25:09,222 - INFO - Iteration: 3600, PSNR: 25.48090934753418
2024-04-22 23:25:18,441 - INFO - Iteration: 3700, PSNR: 25.623605728149414
2024-04-22 23:25:27,889 - INFO - Iteration: 3800, PSNR: 25.54673957824707
2024-04-22 23:25:37,249 - INFO - Iteration: 3900, PSNR: 26.274507522583008
2024-04-22 23:25:46,713 - INFO - Iteration: 4000, PSNR: 26.130477905273438
2024-04-22 23:25:56,181 - INFO - Iteration: 4100, PSNR: 26.18863868713379
2024-04-22 23:26:05,162 - INFO - Iteration: 4200, PSNR: 25.55579948425293
2024-04-22 23:26:14,018 - INFO - Iteration: 4300, PSNR: 25.973735809326172
2024-04-22 23:26:23,066 - INFO - Iteration: 4400, PSNR: 26.68112564086914
2024-04-22 23:26:32,294 - INFO - Iteration: 4500, PSNR: 25.283220291137695
2024-04-22 23:26:41,171 - INFO - Iteration: 4600, PSNR: 26.24618148803711
2024-04-22 23:26:50,311 - INFO - Iteration: 4700, PSNR: 26.493324279785156
2024-04-22 23:26:59,114 - INFO - Iteration: 4800, PSNR: 26.486026763916016
2024-04-22 23:27:08,174 - INFO - Iteration: 4900, PSNR: 26.145917892456055
2024-04-22 23:27:17,179 - INFO - Iteration: 5000, PSNR: 26.04545783996582
2024-04-22 23:27:25,854 - INFO - Iteration: 5100, PSNR: 26.128339767456055
2024-04-22 23:27:34,923 - INFO - Iteration: 5200, PSNR: 26.661849975585938
2024-04-22 23:27:43,937 - INFO - Iteration: 5300, PSNR: 25.87221908569336
2024-04-22 23:27:53,003 - INFO - Iteration: 5400, PSNR: 26.658157348632812
2024-04-22 23:28:01,938 - INFO - Iteration: 5500, PSNR: 26.161239624023438
2024-04-22 23:28:10,936 - INFO - Iteration: 5600, PSNR: 26.363630294799805
2024-04-22 23:28:20,054 - INFO - Iteration: 5700, PSNR: 26.48037338256836
2024-04-22 23:28:28,894 - INFO - Iteration: 5800, PSNR: 26.28746795654297
2024-04-22 23:28:37,885 - INFO - Iteration: 5900, PSNR: 26.672792434692383
2024-04-22 23:28:46,619 - INFO - Iteration: 6000, PSNR: 25.86738395690918
2024-04-22 23:28:55,875 - INFO - Iteration: 6100, PSNR: 26.23155975341797
2024-04-22 23:29:04,789 - INFO - Iteration: 6200, PSNR: 26.796205520629883
2024-04-22 23:29:13,455 - INFO - Iteration: 6300, PSNR: 26.54121208190918
2024-04-22 23:29:22,552 - INFO - Iteration: 6400, PSNR: 27.31911849975586
2024-04-22 23:29:31,639 - INFO - Iteration: 6500, PSNR: 26.755348205566406
2024-04-22 23:29:40,687 - INFO - Iteration: 6600, PSNR: 26.6551513671875
2024-04-22 23:29:49,207 - INFO - Iteration: 6700, PSNR: 26.20502471923828
2024-04-22 23:29:58,098 - INFO - Iteration: 6800, PSNR: 26.856483459472656
2024-04-22 23:30:07,096 - INFO - Iteration: 6900, PSNR: 26.337139129638672
2024-04-22 23:30:16,127 - INFO - Iteration: 7000, PSNR: 26.860788345336914
2024-04-22 23:30:25,747 - INFO - Iteration: 7100, PSNR: 26.41180419921875
2024-04-22 23:30:34,711 - INFO - Iteration: 7200, PSNR: 25.978134155273438
2024-04-22 23:30:43,305 - INFO - Iteration: 7300, PSNR: 27.113561630249023
2024-04-22 23:30:52,272 - INFO - Iteration: 7400, PSNR: 26.698762893676758
2024-04-22 23:31:01,162 - INFO - Iteration: 7500, PSNR: 27.170846939086914
2024-04-22 23:31:10,183 - INFO - Iteration: 7600, PSNR: 26.35526466369629
2024-04-22 23:31:18,882 - INFO - Iteration: 7700, PSNR: 26.416034698486328
2024-04-22 23:31:27,742 - INFO - Iteration: 7800, PSNR: 26.64609718322754
2024-04-22 23:31:37,066 - INFO - Iteration: 7900, PSNR: 26.560489654541016
2024-04-22 23:31:46,055 - INFO - Iteration: 8000, PSNR: 26.94711685180664
2024-04-22 23:31:54,845 - INFO - Iteration: 8100, PSNR: 26.709121704101562
2024-04-22 23:32:03,680 - INFO - Iteration: 8200, PSNR: 23.96070671081543
2024-04-22 23:32:12,082 - INFO - Iteration: 8300, PSNR: 27.22317886352539
2024-04-22 23:32:21,163 - INFO - Iteration: 8400, PSNR: 26.345306396484375
2024-04-22 23:32:30,283 - INFO - Iteration: 8500, PSNR: 26.78920555114746
2024-04-22 23:32:39,245 - INFO - Iteration: 8600, PSNR: 27.0518798828125
2024-04-22 23:32:48,110 - INFO - Iteration: 8700, PSNR: 26.3653564453125
2024-04-22 23:32:56,835 - INFO - Iteration: 8800, PSNR: 27.009326934814453
2024-04-22 23:33:05,439 - INFO - Iteration: 8900, PSNR: 27.43832778930664
2024-04-22 23:33:14,839 - INFO - Iteration: 9000, PSNR: 27.41848373413086
2024-04-22 23:33:23,733 - INFO - Iteration: 9100, PSNR: 26.76852798461914
2024-04-22 23:33:32,224 - INFO - Iteration: 9200, PSNR: 26.28629493713379
2024-04-22 23:33:40,906 - INFO - Iteration: 9300, PSNR: 27.955169677734375
2024-04-22 23:33:49,989 - INFO - Iteration: 9400, PSNR: 28.024808883666992
2024-04-22 23:33:58,797 - INFO - Iteration: 9500, PSNR: 27.590301513671875
2024-04-22 23:34:07,665 - INFO - Iteration: 9600, PSNR: 27.16679573059082
2024-04-22 23:34:16,830 - INFO - Iteration: 9700, PSNR: 27.80368995666504
2024-04-22 23:34:25,998 - INFO - Iteration: 9800, PSNR: 28.155134201049805
2024-04-22 23:34:35,202 - INFO - Iteration: 9900, PSNR: 27.59322738647461
2024-04-22 23:34:44,222 - INFO - Iteration: 10000, PSNR: 27.11054229736328
2024-04-22 23:34:53,233 - INFO - Iteration: 10100, PSNR: 26.906185150146484
2024-04-22 23:35:02,149 - INFO - Iteration: 10200, PSNR: 27.789182662963867
2024-04-22 23:35:11,131 - INFO - Iteration: 10300, PSNR: 27.423362731933594
2024-04-22 23:35:19,717 - INFO - Iteration: 10400, PSNR: 27.955713272094727
2024-04-22 23:35:28,727 - INFO - Iteration: 10500, PSNR: 27.654380798339844
2024-04-22 23:35:37,711 - INFO - Iteration: 10600, PSNR: 27.440650939941406
2024-04-22 23:35:46,709 - INFO - Iteration: 10700, PSNR: 27.810718536376953
2024-04-22 23:35:55,834 - INFO - Iteration: 10800, PSNR: 27.699682235717773
2024-04-22 23:36:04,896 - INFO - Iteration: 10900, PSNR: 27.089441299438477
2024-04-22 23:36:13,946 - INFO - Iteration: 11000, PSNR: 27.699321746826172
2024-04-22 23:36:23,004 - INFO - Iteration: 11100, PSNR: 27.64524269104004
2024-04-22 23:36:31,775 - INFO - Iteration: 11200, PSNR: 28.114778518676758
2024-04-22 23:36:41,016 - INFO - Iteration: 11300, PSNR: 27.914278030395508
2024-04-22 23:36:49,886 - INFO - Iteration: 11400, PSNR: 26.300243377685547
2024-04-22 23:36:58,714 - INFO - Iteration: 11500, PSNR: 28.071617126464844
2024-04-22 23:37:07,728 - INFO - Iteration: 11600, PSNR: 27.73453140258789
2024-04-22 23:37:16,471 - INFO - Iteration: 11700, PSNR: 27.777193069458008
2024-04-22 23:37:25,638 - INFO - Iteration: 11800, PSNR: 28.090131759643555
2024-04-22 23:37:34,806 - INFO - Iteration: 11900, PSNR: 27.626733779907227
2024-04-22 23:37:43,804 - INFO - Iteration: 12000, PSNR: 27.957670211791992
2024-04-22 23:37:52,608 - INFO - Iteration: 12100, PSNR: 27.809314727783203
2024-04-22 23:38:01,587 - INFO - Iteration: 12200, PSNR: 28.20543098449707
2024-04-22 23:38:10,964 - INFO - Iteration: 12300, PSNR: 28.161224365234375
2024-04-22 23:38:20,009 - INFO - Iteration: 12400, PSNR: 27.989158630371094
2024-04-22 23:38:28,679 - INFO - Iteration: 12500, PSNR: 27.66595458984375
2024-04-22 23:38:37,618 - INFO - Iteration: 12600, PSNR: 25.017452239990234
2024-04-22 23:38:46,532 - INFO - Iteration: 12700, PSNR: 27.97069549560547
2024-04-22 23:38:55,831 - INFO - Iteration: 12800, PSNR: 27.76584243774414
2024-04-22 23:39:04,827 - INFO - Iteration: 12900, PSNR: 27.49007225036621
2024-04-22 23:39:13,987 - INFO - Iteration: 13000, PSNR: 28.489086151123047
2024-04-22 23:39:22,819 - INFO - Iteration: 13100, PSNR: 28.311527252197266
2024-04-22 23:39:31,887 - INFO - Iteration: 13200, PSNR: 28.525503158569336
2024-04-22 23:39:41,058 - INFO - Iteration: 13300, PSNR: 28.377079010009766
2024-04-22 23:39:49,743 - INFO - Iteration: 13400, PSNR: 28.172481536865234
2024-04-22 23:39:58,906 - INFO - Iteration: 13500, PSNR: 28.02984046936035
2024-04-22 23:40:07,733 - INFO - Iteration: 13600, PSNR: 27.76992416381836
2024-04-22 23:40:16,583 - INFO - Iteration: 13700, PSNR: 28.514190673828125
2024-04-22 23:40:25,519 - INFO - Iteration: 13800, PSNR: 27.94677734375
2024-04-22 23:40:34,439 - INFO - Iteration: 13900, PSNR: 28.171245574951172
2024-04-22 23:40:43,464 - INFO - Iteration: 14000, PSNR: 28.463533401489258
2024-04-22 23:40:52,395 - INFO - Iteration: 14100, PSNR: 27.77667999267578
2024-04-22 23:41:01,611 - INFO - Iteration: 14200, PSNR: 26.453567504882812
2024-04-22 23:41:10,239 - INFO - Iteration: 14300, PSNR: 28.345802307128906
2024-04-22 23:41:19,487 - INFO - Iteration: 14400, PSNR: 27.980802536010742
2024-04-22 23:41:28,650 - INFO - Iteration: 14500, PSNR: 28.716764450073242
2024-04-22 23:41:37,450 - INFO - Iteration: 14600, PSNR: 28.416698455810547
2024-04-22 23:41:46,367 - INFO - Iteration: 14700, PSNR: 28.52644157409668
2024-04-22 23:41:55,247 - INFO - Iteration: 14800, PSNR: 27.89084243774414
2024-04-22 23:42:04,015 - INFO - Iteration: 14900, PSNR: 28.67901611328125
2024-04-22 23:42:12,937 - INFO - Iteration: 15000, PSNR: 27.94926643371582
2024-04-22 23:42:21,791 - INFO - Iteration: 15100, PSNR: 28.2627010345459
2024-04-22 23:42:30,744 - INFO - Iteration: 15200, PSNR: 28.517169952392578
2024-04-22 23:42:39,883 - INFO - Iteration: 15300, PSNR: 28.30989646911621
2024-04-22 23:42:48,884 - INFO - Iteration: 15400, PSNR: 27.88468360900879
2024-04-22 23:42:57,735 - INFO - Iteration: 15500, PSNR: 28.301189422607422
2024-04-22 23:43:07,264 - INFO - Iteration: 15600, PSNR: 28.452455520629883
2024-04-22 23:43:16,699 - INFO - Iteration: 15700, PSNR: 28.033931732177734
2024-04-22 23:43:26,202 - INFO - Iteration: 15800, PSNR: 28.15605354309082
2024-04-22 23:43:35,355 - INFO - Iteration: 15900, PSNR: 28.23419761657715
2024-04-22 23:43:44,668 - INFO - Iteration: 16000, PSNR: 28.504901885986328
2024-04-22 23:43:54,095 - INFO - Iteration: 16100, PSNR: 27.95729637145996
2024-04-22 23:44:03,799 - INFO - Iteration: 16200, PSNR: 28.033903121948242
2024-04-22 23:44:13,583 - INFO - Iteration: 16300, PSNR: 28.041290283203125
2024-04-22 23:44:23,377 - INFO - Iteration: 16400, PSNR: 25.92967987060547
2024-04-22 23:44:32,842 - INFO - Iteration: 16500, PSNR: 26.057342529296875
2024-04-22 23:44:42,523 - INFO - Iteration: 16600, PSNR: 27.530691146850586
2024-04-22 23:44:52,020 - INFO - Iteration: 16700, PSNR: 28.227909088134766
2024-04-22 23:45:01,729 - INFO - Iteration: 16800, PSNR: 28.252452850341797
2024-04-22 23:45:11,273 - INFO - Iteration: 16900, PSNR: 28.387908935546875
2024-04-22 23:45:19,397 - INFO - Iteration: 17000, PSNR: 28.575054168701172
2024-04-22 23:45:26,967 - INFO - Iteration: 17100, PSNR: 28.512067794799805
2024-04-22 23:45:35,191 - INFO - Iteration: 17200, PSNR: 28.456132888793945
2024-04-22 23:45:45,061 - INFO - Iteration: 17300, PSNR: 26.156797409057617
2024-04-22 23:45:54,725 - INFO - Iteration: 17400, PSNR: 28.36992645263672
2024-04-22 23:46:04,019 - INFO - Iteration: 17500, PSNR: 28.55525016784668
2024-04-22 23:46:13,371 - INFO - Iteration: 17600, PSNR: 28.94045066833496
2024-04-22 23:46:22,576 - INFO - Iteration: 17700, PSNR: 28.899106979370117
2024-04-22 23:46:31,854 - INFO - Iteration: 17800, PSNR: 28.34040641784668
2024-04-22 23:46:41,308 - INFO - Iteration: 17900, PSNR: 28.651222229003906
2024-04-22 23:46:50,476 - INFO - Iteration: 18000, PSNR: 28.521947860717773
2024-04-22 23:46:59,890 - INFO - Iteration: 18100, PSNR: 28.557233810424805
2024-04-22 23:47:09,333 - INFO - Iteration: 18200, PSNR: 28.410869598388672
2024-04-22 23:47:18,585 - INFO - Iteration: 18300, PSNR: 27.930313110351562
2024-04-22 23:47:27,584 - INFO - Iteration: 18400, PSNR: 26.21696662902832
2024-04-22 23:47:37,059 - INFO - Iteration: 18500, PSNR: 28.269981384277344
2024-04-22 23:47:46,452 - INFO - Iteration: 18600, PSNR: 28.70163917541504
2024-04-22 23:47:55,733 - INFO - Iteration: 18700, PSNR: 28.757875442504883
2024-04-22 23:48:05,042 - INFO - Iteration: 18800, PSNR: 28.19866180419922
2024-04-22 23:48:14,186 - INFO - Iteration: 18900, PSNR: 28.569488525390625
2024-04-22 23:48:23,683 - INFO - Iteration: 19000, PSNR: 28.81377410888672
2024-04-22 23:48:33,093 - INFO - Iteration: 19100, PSNR: 28.537113189697266
2024-04-22 23:48:42,165 - INFO - Iteration: 19200, PSNR: 28.881044387817383
2024-04-22 23:48:51,442 - INFO - Iteration: 19300, PSNR: 28.511640548706055
2024-04-22 23:49:00,832 - INFO - Iteration: 19400, PSNR: 28.78734588623047
2024-04-22 23:49:10,368 - INFO - Iteration: 19500, PSNR: 28.81694793701172
2024-04-22 23:49:20,058 - INFO - Iteration: 19600, PSNR: 27.678346633911133
2024-04-22 23:49:29,544 - INFO - Iteration: 19700, PSNR: 27.290191650390625
2024-04-22 23:49:38,211 - INFO - Iteration: 19800, PSNR: 28.707378387451172
2024-04-22 23:49:46,817 - INFO - Iteration: 19900, PSNR: 29.1355037689209
2024-04-22 23:49:56,038 - INFO - Processed model with 4 early and 4 late layers
2024-04-22 23:49:56,038 - INFO - Saving losses
2024-04-22 23:49:56,040 - INFO - Saving model
2024-04-22 23:49:56,057 - INFO - Saving optimizer
2024-04-22 23:49:56,077 - INFO - DONE!
2024-04-22 23:49:56,087 - INFO - ***FINISHED***
