2024-04-28 20:06:29,726 - INFO - ***STARTING***
2024-04-28 20:06:37,400 - INFO - Started processing model
2024-04-28 20:06:40,379 - INFO - Iteration: 0, PSNR: 16.527082443237305
2024-04-28 20:06:50,881 - INFO - Iteration: 100, PSNR: 16.42436408996582
2024-04-28 20:07:04,112 - INFO - Iteration: 200, PSNR: 20.184093475341797
2024-04-28 20:07:16,822 - INFO - Iteration: 300, PSNR: 20.832826614379883
2024-04-28 20:07:27,377 - INFO - Iteration: 400, PSNR: 22.10645294189453
2024-04-28 20:07:42,113 - INFO - Iteration: 500, PSNR: 22.6929874420166
2024-04-28 20:07:53,814 - INFO - Iteration: 600, PSNR: 23.07784652709961
2024-04-28 20:08:04,056 - INFO - Iteration: 700, PSNR: 23.061960220336914
2024-04-28 20:08:14,327 - INFO - Iteration: 800, PSNR: 23.110431671142578
2024-04-28 20:08:26,184 - INFO - Iteration: 900, PSNR: 23.40825843811035
2024-04-28 20:08:36,962 - INFO - Iteration: 1000, PSNR: 23.294940948486328
2024-04-28 20:08:49,191 - INFO - Iteration: 1100, PSNR: 23.240489959716797
2024-04-28 20:09:01,729 - INFO - Iteration: 1200, PSNR: 23.191055297851562
2024-04-28 20:09:12,435 - INFO - Iteration: 1300, PSNR: 23.626888275146484
2024-04-28 20:09:23,912 - INFO - Iteration: 1400, PSNR: 23.843963623046875
2024-04-28 20:09:34,299 - INFO - Iteration: 1500, PSNR: 23.829391479492188
2024-04-28 20:09:45,078 - INFO - Iteration: 1600, PSNR: 23.86292266845703
2024-04-28 20:09:55,063 - INFO - Iteration: 1700, PSNR: 24.015291213989258
2024-04-28 20:10:06,007 - INFO - Iteration: 1800, PSNR: 24.518402099609375
2024-04-28 20:10:16,555 - INFO - Iteration: 1900, PSNR: 24.174835205078125
2024-04-28 20:10:27,120 - INFO - Iteration: 2000, PSNR: 22.654159545898438
2024-04-28 20:10:37,592 - INFO - Iteration: 2100, PSNR: 24.225021362304688
2024-04-28 20:10:48,447 - INFO - Iteration: 2200, PSNR: 24.861013412475586
2024-04-28 20:10:59,194 - INFO - Iteration: 2300, PSNR: 24.642498016357422
2024-04-28 20:11:11,392 - INFO - Iteration: 2400, PSNR: 24.126190185546875
2024-04-28 20:11:22,135 - INFO - Iteration: 2500, PSNR: 24.5008544921875
2024-04-28 20:11:32,025 - INFO - Iteration: 2600, PSNR: 24.56731605529785
2024-04-28 20:11:43,889 - INFO - Iteration: 2700, PSNR: 25.442941665649414
2024-04-28 20:11:54,909 - INFO - Iteration: 2800, PSNR: 25.121868133544922
2024-04-28 20:12:04,956 - INFO - Iteration: 2900, PSNR: 24.370521545410156
2024-04-28 20:12:15,600 - INFO - Iteration: 3000, PSNR: 25.39874267578125
2024-04-28 20:12:26,507 - INFO - Iteration: 3100, PSNR: 25.3383731842041
2024-04-28 20:12:37,955 - INFO - Iteration: 3200, PSNR: 25.162273406982422
2024-04-28 20:12:48,866 - INFO - Iteration: 3300, PSNR: 24.822338104248047
2024-04-28 20:12:59,398 - INFO - Iteration: 3400, PSNR: 25.550777435302734
2024-04-28 20:13:11,612 - INFO - Iteration: 3500, PSNR: 25.693378448486328
2024-04-28 20:13:22,969 - INFO - Iteration: 3600, PSNR: 25.64898681640625
2024-04-28 20:13:35,597 - INFO - Iteration: 3700, PSNR: 25.326126098632812
2024-04-28 20:13:51,765 - INFO - Iteration: 3800, PSNR: 24.993534088134766
2024-04-28 20:14:07,967 - INFO - Iteration: 3900, PSNR: 26.148231506347656
2024-04-28 20:14:24,768 - INFO - Iteration: 4000, PSNR: 26.22986602783203
2024-04-28 20:14:41,421 - INFO - Iteration: 4100, PSNR: 25.691261291503906
2024-04-28 20:15:03,338 - INFO - Iteration: 4200, PSNR: 26.376955032348633
2024-04-28 20:15:23,601 - INFO - Iteration: 4300, PSNR: 25.973602294921875
2024-04-28 20:15:45,167 - INFO - Iteration: 4400, PSNR: 26.312828063964844
2024-04-28 20:16:01,107 - INFO - Iteration: 4500, PSNR: 25.633514404296875
2024-04-28 20:16:17,341 - INFO - Iteration: 4600, PSNR: 26.39621353149414
2024-04-28 20:16:33,054 - INFO - Iteration: 4700, PSNR: 26.889726638793945
2024-04-28 20:16:49,270 - INFO - Iteration: 4800, PSNR: 25.709880828857422
2024-04-28 20:17:05,024 - INFO - Iteration: 4900, PSNR: 26.47341537475586
2024-04-28 20:17:21,299 - INFO - Iteration: 5000, PSNR: 25.802518844604492
2024-04-28 20:17:37,492 - INFO - Iteration: 5100, PSNR: 26.028173446655273
2024-04-28 20:17:53,486 - INFO - Iteration: 5200, PSNR: 26.485769271850586
2024-04-28 20:18:09,091 - INFO - Iteration: 5300, PSNR: 26.277324676513672
2024-04-28 20:18:24,973 - INFO - Iteration: 5400, PSNR: 26.938682556152344
2024-04-28 20:18:40,747 - INFO - Iteration: 5500, PSNR: 26.68635368347168
2024-04-28 20:18:56,920 - INFO - Iteration: 5600, PSNR: 25.85055160522461
2024-04-28 20:19:12,886 - INFO - Iteration: 5700, PSNR: 26.790016174316406
2024-04-28 20:19:29,122 - INFO - Iteration: 5800, PSNR: 26.294296264648438
2024-04-28 20:19:44,800 - INFO - Iteration: 5900, PSNR: 27.026905059814453
2024-04-28 20:20:01,247 - INFO - Iteration: 6000, PSNR: 26.700782775878906
2024-04-28 20:20:23,472 - INFO - Iteration: 6100, PSNR: 26.460662841796875
2024-04-28 20:20:43,864 - INFO - Iteration: 6200, PSNR: 26.627099990844727
2024-04-28 20:20:59,457 - INFO - Iteration: 6300, PSNR: 26.23086166381836
2024-04-28 20:21:15,292 - INFO - Iteration: 6400, PSNR: 26.99305534362793
2024-04-28 20:21:30,741 - INFO - Iteration: 6500, PSNR: 26.94820213317871
2024-04-28 20:21:46,583 - INFO - Iteration: 6600, PSNR: 26.961074829101562
2024-04-28 20:22:02,155 - INFO - Iteration: 6700, PSNR: 26.62905502319336
2024-04-28 20:22:18,026 - INFO - Iteration: 6800, PSNR: 26.974393844604492
2024-04-28 20:22:34,096 - INFO - Iteration: 6900, PSNR: 26.68159294128418
2024-04-28 20:22:50,899 - INFO - Iteration: 7000, PSNR: 26.895526885986328
2024-04-28 20:23:06,932 - INFO - Iteration: 7100, PSNR: 27.148502349853516
2024-04-28 20:23:23,127 - INFO - Iteration: 7200, PSNR: 26.203916549682617
2024-04-28 20:23:39,378 - INFO - Iteration: 7300, PSNR: 26.82126235961914
2024-04-28 20:23:55,473 - INFO - Iteration: 7400, PSNR: 26.984262466430664
2024-04-28 20:24:10,722 - INFO - Iteration: 7500, PSNR: 27.04425811767578
2024-04-28 20:24:27,107 - INFO - Iteration: 7600, PSNR: 25.373428344726562
2024-04-28 20:24:42,788 - INFO - Iteration: 7700, PSNR: 26.551597595214844
2024-04-28 20:24:58,712 - INFO - Iteration: 7800, PSNR: 26.37935447692871
2024-04-28 20:25:14,470 - INFO - Iteration: 7900, PSNR: 26.965534210205078
2024-04-28 20:25:30,949 - INFO - Iteration: 8000, PSNR: 27.257450103759766
2024-04-28 20:25:47,250 - INFO - Iteration: 8100, PSNR: 27.33341407775879
2024-04-28 20:26:04,474 - INFO - Iteration: 8200, PSNR: 27.51924705505371
2024-04-28 20:26:22,616 - INFO - Iteration: 8300, PSNR: 27.245140075683594
2024-04-28 20:26:37,980 - INFO - Iteration: 8400, PSNR: 26.183774948120117
2024-04-28 20:26:53,603 - INFO - Iteration: 8500, PSNR: 27.162158966064453
2024-04-28 20:27:09,136 - INFO - Iteration: 8600, PSNR: 27.62960433959961
2024-04-28 20:27:24,791 - INFO - Iteration: 8700, PSNR: 26.596660614013672
2024-04-28 20:27:40,473 - INFO - Iteration: 8800, PSNR: 27.094079971313477
2024-04-28 20:27:56,260 - INFO - Iteration: 8900, PSNR: 27.578460693359375
2024-04-28 20:28:12,260 - INFO - Iteration: 9000, PSNR: 27.968585968017578
2024-04-28 20:28:28,698 - INFO - Iteration: 9100, PSNR: 27.760408401489258
2024-04-28 20:28:44,715 - INFO - Iteration: 9200, PSNR: 27.920364379882812
2024-04-28 20:29:00,596 - INFO - Iteration: 9300, PSNR: 28.031124114990234
2024-04-28 20:29:16,068 - INFO - Iteration: 9400, PSNR: 27.56036376953125
2024-04-28 20:29:31,666 - INFO - Iteration: 9500, PSNR: 27.140243530273438
2024-04-28 20:29:47,745 - INFO - Iteration: 9600, PSNR: 27.406200408935547
2024-04-28 20:30:03,654 - INFO - Iteration: 9700, PSNR: 27.097625732421875
2024-04-28 20:30:19,169 - INFO - Iteration: 9800, PSNR: 28.207763671875
2024-04-28 20:30:35,013 - INFO - Iteration: 9900, PSNR: 27.78338623046875
2024-04-28 20:30:51,559 - INFO - Iteration: 10000, PSNR: 27.649654388427734
2024-04-28 20:31:07,740 - INFO - Iteration: 10100, PSNR: 27.79901885986328
2024-04-28 20:31:23,654 - INFO - Iteration: 10200, PSNR: 27.69516944885254
2024-04-28 20:31:39,118 - INFO - Iteration: 10300, PSNR: 26.815593719482422
2024-04-28 20:31:54,930 - INFO - Iteration: 10400, PSNR: 27.630855560302734
2024-04-28 20:32:10,615 - INFO - Iteration: 10500, PSNR: 27.97062873840332
2024-04-28 20:32:26,492 - INFO - Iteration: 10600, PSNR: 27.513198852539062
2024-04-28 20:32:42,710 - INFO - Iteration: 10700, PSNR: 28.504369735717773
2024-04-28 20:32:58,963 - INFO - Iteration: 10800, PSNR: 27.214574813842773
2024-04-28 20:33:14,731 - INFO - Iteration: 10900, PSNR: 28.35280990600586
2024-04-28 20:33:30,010 - INFO - Iteration: 11000, PSNR: 26.566558837890625
2024-04-28 20:33:45,717 - INFO - Iteration: 11100, PSNR: 26.477245330810547
2024-04-28 20:34:01,623 - INFO - Iteration: 11200, PSNR: 28.149810791015625
2024-04-28 20:34:17,357 - INFO - Iteration: 11300, PSNR: 27.5775146484375
2024-04-28 20:34:32,596 - INFO - Iteration: 11400, PSNR: 27.831058502197266
2024-04-28 20:34:47,937 - INFO - Iteration: 11500, PSNR: 28.433969497680664
2024-04-28 20:35:04,021 - INFO - Iteration: 11600, PSNR: 27.493392944335938
2024-04-28 20:35:20,093 - INFO - Iteration: 11700, PSNR: 28.458555221557617
2024-04-28 20:35:36,120 - INFO - Iteration: 11800, PSNR: 28.369831085205078
2024-04-28 20:35:51,650 - INFO - Iteration: 11900, PSNR: 28.544597625732422
2024-04-28 20:36:07,591 - INFO - Iteration: 12000, PSNR: 28.44785499572754
2024-04-28 20:36:23,529 - INFO - Iteration: 12100, PSNR: 27.587200164794922
2024-04-28 20:36:39,457 - INFO - Iteration: 12200, PSNR: 28.46685218811035
2024-04-28 20:36:55,212 - INFO - Iteration: 12300, PSNR: 27.822120666503906
2024-04-28 20:37:10,801 - INFO - Iteration: 12400, PSNR: 28.086673736572266
2024-04-28 20:37:26,723 - INFO - Iteration: 12500, PSNR: 28.38218879699707
2024-04-28 20:37:42,831 - INFO - Iteration: 12600, PSNR: 28.132333755493164
2024-04-28 20:37:58,955 - INFO - Iteration: 12700, PSNR: 28.56584358215332
2024-04-28 20:38:14,966 - INFO - Iteration: 12800, PSNR: 28.64752960205078
2024-04-28 20:38:30,721 - INFO - Iteration: 12900, PSNR: 28.37194061279297
2024-04-28 20:38:47,371 - INFO - Iteration: 13000, PSNR: 28.762245178222656
2024-04-28 20:39:03,339 - INFO - Iteration: 13100, PSNR: 28.12024688720703
2024-04-28 20:39:19,718 - INFO - Iteration: 13200, PSNR: 28.347471237182617
2024-04-28 20:39:35,489 - INFO - Iteration: 13300, PSNR: 27.25130271911621
2024-04-28 20:39:51,128 - INFO - Iteration: 13400, PSNR: 28.69584083557129
2024-04-28 20:40:07,306 - INFO - Iteration: 13500, PSNR: 28.163841247558594
2024-04-28 20:40:23,219 - INFO - Iteration: 13600, PSNR: 27.680339813232422
2024-04-28 20:40:38,741 - INFO - Iteration: 13700, PSNR: 29.01491355895996
2024-04-28 20:40:54,835 - INFO - Iteration: 13800, PSNR: 28.614593505859375
2024-04-28 20:41:10,400 - INFO - Iteration: 13900, PSNR: 28.337329864501953
2024-04-28 20:41:26,953 - INFO - Iteration: 14000, PSNR: 28.43979263305664
2024-04-28 20:41:42,927 - INFO - Iteration: 14100, PSNR: 28.103271484375
2024-04-28 20:41:58,515 - INFO - Iteration: 14200, PSNR: 28.011959075927734
2024-04-28 20:42:14,327 - INFO - Iteration: 14300, PSNR: 28.353912353515625
2024-04-28 20:42:29,840 - INFO - Iteration: 14400, PSNR: 28.178306579589844
2024-04-28 20:42:45,384 - INFO - Iteration: 14500, PSNR: 28.487112045288086
2024-04-28 20:43:01,285 - INFO - Iteration: 14600, PSNR: 29.117918014526367
2024-04-28 20:43:17,067 - INFO - Iteration: 14700, PSNR: 28.81861686706543
2024-04-28 20:43:33,042 - INFO - Iteration: 14800, PSNR: 29.314023971557617
2024-04-28 20:43:48,865 - INFO - Iteration: 14900, PSNR: 27.708852767944336
2024-04-28 20:44:05,062 - INFO - Iteration: 15000, PSNR: 27.273693084716797
2024-04-28 20:44:20,799 - INFO - Iteration: 15100, PSNR: 28.901172637939453
2024-04-28 20:44:36,646 - INFO - Iteration: 15200, PSNR: 28.490253448486328
2024-04-28 20:44:52,508 - INFO - Iteration: 15300, PSNR: 28.65880584716797
2024-04-28 20:45:08,400 - INFO - Iteration: 15400, PSNR: 28.868011474609375
2024-04-28 20:45:24,835 - INFO - Iteration: 15500, PSNR: 28.184898376464844
2024-04-28 20:45:43,567 - INFO - Iteration: 15600, PSNR: 28.686542510986328
2024-04-28 20:45:59,539 - INFO - Iteration: 15700, PSNR: 28.46636199951172
2024-04-28 20:46:16,041 - INFO - Iteration: 15800, PSNR: 28.780725479125977
2024-04-28 20:46:32,341 - INFO - Iteration: 15900, PSNR: 28.314868927001953
2024-04-28 20:46:48,622 - INFO - Iteration: 16000, PSNR: 28.630767822265625
2024-04-28 20:47:04,355 - INFO - Iteration: 16100, PSNR: 28.165977478027344
2024-04-28 20:47:20,529 - INFO - Iteration: 16200, PSNR: 28.290433883666992
2024-04-28 20:47:36,453 - INFO - Iteration: 16300, PSNR: 28.673429489135742
2024-04-28 20:47:52,622 - INFO - Iteration: 16400, PSNR: 28.643383026123047
2024-04-28 20:48:10,378 - INFO - Iteration: 16500, PSNR: 28.624631881713867
2024-04-28 20:48:27,755 - INFO - Iteration: 16600, PSNR: 28.446205139160156
2024-04-28 20:48:45,096 - INFO - Iteration: 16700, PSNR: 28.8620548248291
2024-04-28 20:49:02,035 - INFO - Iteration: 16800, PSNR: 27.80194091796875
2024-04-28 20:49:19,710 - INFO - Iteration: 16900, PSNR: 28.97884750366211
2024-04-28 20:49:37,145 - INFO - Iteration: 17000, PSNR: 28.53231430053711
2024-04-28 20:49:54,274 - INFO - Iteration: 17100, PSNR: 28.809326171875
2024-04-28 20:50:11,167 - INFO - Iteration: 17200, PSNR: 28.33512306213379
2024-04-28 20:50:28,681 - INFO - Iteration: 17300, PSNR: 29.06679344177246
2024-04-28 20:50:45,933 - INFO - Iteration: 17400, PSNR: 29.226566314697266
2024-04-28 20:51:02,855 - INFO - Iteration: 17500, PSNR: 28.612234115600586
2024-04-28 20:51:19,787 - INFO - Iteration: 17600, PSNR: 28.760602951049805
2024-04-28 20:51:37,319 - INFO - Iteration: 17700, PSNR: 28.895057678222656
2024-04-28 20:51:54,945 - INFO - Iteration: 17800, PSNR: 29.103193283081055
2024-04-28 20:52:11,821 - INFO - Iteration: 17900, PSNR: 29.299955368041992
2024-04-28 20:52:29,256 - INFO - Iteration: 18000, PSNR: 29.14221954345703
2024-04-28 20:52:46,356 - INFO - Iteration: 18100, PSNR: 29.23924446105957
2024-04-28 20:53:03,870 - INFO - Iteration: 18200, PSNR: 28.70599937438965
2024-04-28 20:53:21,094 - INFO - Iteration: 18300, PSNR: 28.771289825439453
2024-04-28 20:53:38,313 - INFO - Iteration: 18400, PSNR: 29.064632415771484
2024-04-28 20:53:55,320 - INFO - Iteration: 18500, PSNR: 28.853246688842773
2024-04-28 20:54:12,470 - INFO - Iteration: 18600, PSNR: 29.14945411682129
2024-04-28 20:54:29,674 - INFO - Iteration: 18700, PSNR: 29.56365203857422
2024-04-28 20:54:47,298 - INFO - Iteration: 18800, PSNR: 28.53062629699707
2024-04-28 20:55:04,302 - INFO - Iteration: 18900, PSNR: 28.94887924194336
2024-04-28 20:55:21,744 - INFO - Iteration: 19000, PSNR: 29.149324417114258
2024-04-28 20:55:38,994 - INFO - Iteration: 19100, PSNR: 28.51346206665039
2024-04-28 20:55:56,517 - INFO - Iteration: 19200, PSNR: 29.50322151184082
2024-04-28 20:56:13,665 - INFO - Iteration: 19300, PSNR: 29.091686248779297
2024-04-28 20:56:30,436 - INFO - Iteration: 19400, PSNR: 29.26475715637207
2024-04-28 20:56:47,678 - INFO - Iteration: 19500, PSNR: 28.906009674072266
2024-04-28 20:57:05,031 - INFO - Iteration: 19600, PSNR: 29.260663986206055
2024-04-28 20:57:22,268 - INFO - Iteration: 19700, PSNR: 28.94670295715332
2024-04-28 20:57:39,069 - INFO - Iteration: 19800, PSNR: 29.461456298828125
2024-04-28 20:57:56,312 - INFO - Iteration: 19900, PSNR: 28.890695571899414
2024-04-28 20:58:14,158 - INFO - Iteration: 20000, PSNR: 28.84393882751465
2024-04-28 20:58:14,158 - INFO - Processed model
2024-04-28 20:58:14,159 - INFO - Saving PSNRs
2024-04-28 20:58:14,161 - INFO - Saving model
2024-04-28 20:58:14,175 - INFO - Saving optimizer
2024-04-28 20:58:14,210 - INFO - DONE!
2024-04-28 20:58:14,234 - INFO - ***FINISHED***
