2024-04-28 20:03:46,033 - INFO - ***STARTING***
2024-04-28 20:03:56,955 - INFO - Started processing model
2024-04-28 20:04:01,033 - INFO - Iteration: 0, PSNR: 13.778773307800293
2024-04-28 20:04:20,217 - INFO - Iteration: 100, PSNR: 17.032812118530273
2024-04-28 20:04:33,176 - INFO - Iteration: 200, PSNR: 25.524389266967773
2024-04-28 20:04:43,667 - INFO - Iteration: 300, PSNR: 25.27037811279297
2024-04-28 20:04:54,350 - INFO - Iteration: 400, PSNR: 27.25397491455078
2024-04-28 20:05:08,691 - INFO - Iteration: 500, PSNR: 27.600109100341797
2024-04-28 20:05:21,366 - INFO - Iteration: 600, PSNR: 27.270652770996094
2024-04-28 20:05:33,817 - INFO - Iteration: 700, PSNR: 28.196392059326172
2024-04-28 20:05:46,822 - INFO - Iteration: 800, PSNR: 27.048444747924805
2024-04-28 20:06:04,203 - INFO - Iteration: 900, PSNR: 28.261186599731445
2024-04-28 20:06:26,966 - INFO - Iteration: 1000, PSNR: 29.599834442138672
2024-04-28 20:06:44,132 - INFO - Iteration: 1100, PSNR: 29.189983367919922
2024-04-28 20:06:55,496 - INFO - Iteration: 1200, PSNR: 28.723657608032227
2024-04-28 20:07:09,889 - INFO - Iteration: 1300, PSNR: 29.824092864990234
2024-04-28 20:07:21,194 - INFO - Iteration: 1400, PSNR: 29.319494247436523
2024-04-28 20:07:33,386 - INFO - Iteration: 1500, PSNR: 29.412036895751953
2024-04-28 20:07:47,749 - INFO - Iteration: 1600, PSNR: 30.438461303710938
2024-04-28 20:07:58,543 - INFO - Iteration: 1700, PSNR: 29.543149948120117
2024-04-28 20:08:08,694 - INFO - Iteration: 1800, PSNR: 29.56805419921875
2024-04-28 20:08:18,918 - INFO - Iteration: 1900, PSNR: 29.11690902709961
2024-04-28 20:08:29,736 - INFO - Iteration: 2000, PSNR: 30.259925842285156
2024-04-28 20:08:41,108 - INFO - Iteration: 2100, PSNR: 30.106060028076172
2024-04-28 20:08:51,896 - INFO - Iteration: 2200, PSNR: 30.436323165893555
2024-04-28 20:09:04,377 - INFO - Iteration: 2300, PSNR: 30.429935455322266
2024-04-28 20:09:14,717 - INFO - Iteration: 2400, PSNR: 31.074607849121094
2024-04-28 20:09:26,210 - INFO - Iteration: 2500, PSNR: 31.1514892578125
2024-04-28 20:09:37,046 - INFO - Iteration: 2600, PSNR: 29.88478660583496
2024-04-28 20:09:47,885 - INFO - Iteration: 2700, PSNR: 30.737815856933594
2024-04-28 20:09:57,819 - INFO - Iteration: 2800, PSNR: 27.728290557861328
2024-04-28 20:10:09,252 - INFO - Iteration: 2900, PSNR: 30.495140075683594
2024-04-28 20:10:20,632 - INFO - Iteration: 3000, PSNR: 31.241952896118164
2024-04-28 20:10:32,031 - INFO - Iteration: 3100, PSNR: 31.03023910522461
2024-04-28 20:10:42,765 - INFO - Iteration: 3200, PSNR: 31.364334106445312
2024-04-28 20:10:52,923 - INFO - Iteration: 3300, PSNR: 31.086524963378906
2024-04-28 20:11:04,808 - INFO - Iteration: 3400, PSNR: 30.71314239501953
2024-04-28 20:11:16,266 - INFO - Iteration: 3500, PSNR: 30.941646575927734
2024-04-28 20:11:26,530 - INFO - Iteration: 3600, PSNR: 31.16362762451172
2024-04-28 20:11:37,822 - INFO - Iteration: 3700, PSNR: 29.853525161743164
2024-04-28 20:11:48,718 - INFO - Iteration: 3800, PSNR: 31.182947158813477
2024-04-28 20:11:59,631 - INFO - Iteration: 3900, PSNR: 31.041431427001953
2024-04-28 20:12:10,182 - INFO - Iteration: 4000, PSNR: 31.812437057495117
2024-04-28 20:12:21,240 - INFO - Iteration: 4100, PSNR: 31.91530418395996
2024-04-28 20:12:33,029 - INFO - Iteration: 4200, PSNR: 30.533845901489258
2024-04-28 20:12:43,600 - INFO - Iteration: 4300, PSNR: 31.336566925048828
2024-04-28 20:12:53,847 - INFO - Iteration: 4400, PSNR: 31.510223388671875
2024-04-28 20:13:04,363 - INFO - Iteration: 4500, PSNR: 31.978713989257812
2024-04-28 20:13:16,557 - INFO - Iteration: 4600, PSNR: 32.66762161254883
2024-04-28 20:13:28,186 - INFO - Iteration: 4700, PSNR: 31.55982208251953
2024-04-28 20:13:38,404 - INFO - Iteration: 4800, PSNR: 32.49265670776367
2024-04-28 20:13:50,467 - INFO - Iteration: 4900, PSNR: 32.853702545166016
2024-04-28 20:14:02,281 - INFO - Iteration: 5000, PSNR: 32.84977340698242
2024-04-28 20:14:13,878 - INFO - Iteration: 5100, PSNR: 32.21934127807617
2024-04-28 20:14:25,417 - INFO - Iteration: 5200, PSNR: 32.05546188354492
2024-04-28 20:14:36,396 - INFO - Iteration: 5300, PSNR: 32.84737014770508
2024-04-28 20:14:47,755 - INFO - Iteration: 5400, PSNR: 32.90314483642578
2024-04-28 20:15:05,260 - INFO - Iteration: 5500, PSNR: 32.32736587524414
2024-04-28 20:15:19,299 - INFO - Iteration: 5600, PSNR: 31.81797981262207
2024-04-28 20:15:33,493 - INFO - Iteration: 5700, PSNR: 32.89785385131836
2024-04-28 20:15:48,080 - INFO - Iteration: 5800, PSNR: 32.46012878417969
2024-04-28 20:15:59,018 - INFO - Iteration: 5900, PSNR: 33.32725524902344
2024-04-28 20:16:11,742 - INFO - Iteration: 6000, PSNR: 31.48749542236328
2024-04-28 20:16:23,111 - INFO - Iteration: 6100, PSNR: 31.641767501831055
2024-04-28 20:16:34,353 - INFO - Iteration: 6200, PSNR: 32.20134353637695
2024-04-28 20:16:46,394 - INFO - Iteration: 6300, PSNR: 32.08039474487305
2024-04-28 20:16:57,555 - INFO - Iteration: 6400, PSNR: 32.9599723815918
2024-04-28 20:17:12,631 - INFO - Iteration: 6500, PSNR: 33.19119644165039
2024-04-28 20:17:28,976 - INFO - Iteration: 6600, PSNR: 32.09923553466797
2024-04-28 20:17:44,921 - INFO - Iteration: 6700, PSNR: 33.08686065673828
2024-04-28 20:18:00,950 - INFO - Iteration: 6800, PSNR: 33.28704071044922
2024-04-28 20:18:17,040 - INFO - Iteration: 6900, PSNR: 33.41446304321289
2024-04-28 20:18:33,328 - INFO - Iteration: 7000, PSNR: 32.485443115234375
2024-04-28 20:18:49,634 - INFO - Iteration: 7100, PSNR: 32.16434097290039
2024-04-28 20:19:05,910 - INFO - Iteration: 7200, PSNR: 33.51217269897461
2024-04-28 20:19:22,009 - INFO - Iteration: 7300, PSNR: 32.5047721862793
2024-04-28 20:19:38,040 - INFO - Iteration: 7400, PSNR: 33.58457946777344
2024-04-28 20:19:54,221 - INFO - Iteration: 7500, PSNR: 33.87214279174805
2024-04-28 20:20:14,303 - INFO - Iteration: 7600, PSNR: 32.758060455322266
2024-04-28 20:20:35,473 - INFO - Iteration: 7700, PSNR: 33.409507751464844
2024-04-28 20:20:53,250 - INFO - Iteration: 7800, PSNR: 32.98475646972656
2024-04-28 20:21:09,428 - INFO - Iteration: 7900, PSNR: 33.3497200012207
2024-04-28 20:21:25,770 - INFO - Iteration: 8000, PSNR: 34.045738220214844
2024-04-28 20:21:41,662 - INFO - Iteration: 8100, PSNR: 33.49063491821289
2024-04-28 20:21:57,252 - INFO - Iteration: 8200, PSNR: 33.790626525878906
2024-04-28 20:22:13,014 - INFO - Iteration: 8300, PSNR: 33.60075759887695
2024-04-28 20:22:28,993 - INFO - Iteration: 8400, PSNR: 34.30712127685547
2024-04-28 20:22:45,329 - INFO - Iteration: 8500, PSNR: 33.468040466308594
2024-04-28 20:23:01,623 - INFO - Iteration: 8600, PSNR: 34.08992004394531
2024-04-28 20:23:18,176 - INFO - Iteration: 8700, PSNR: 34.73624801635742
2024-04-28 20:23:34,709 - INFO - Iteration: 8800, PSNR: 34.25380325317383
2024-04-28 20:23:50,806 - INFO - Iteration: 8900, PSNR: 32.48347473144531
2024-04-28 20:24:07,562 - INFO - Iteration: 9000, PSNR: 33.66410827636719
2024-04-28 20:24:24,151 - INFO - Iteration: 9100, PSNR: 33.9149169921875
2024-04-28 20:24:40,392 - INFO - Iteration: 9200, PSNR: 34.03001022338867
2024-04-28 20:24:56,543 - INFO - Iteration: 9300, PSNR: 34.47764587402344
2024-04-28 20:25:12,453 - INFO - Iteration: 9400, PSNR: 34.41942596435547
2024-04-28 20:25:28,983 - INFO - Iteration: 9500, PSNR: 34.36216735839844
2024-04-28 20:25:44,987 - INFO - Iteration: 9600, PSNR: 33.8847770690918
2024-04-28 20:26:02,016 - INFO - Iteration: 9700, PSNR: 33.47624206542969
2024-04-28 20:26:20,690 - INFO - Iteration: 9800, PSNR: 33.764896392822266
2024-04-28 20:26:36,901 - INFO - Iteration: 9900, PSNR: 33.40904235839844
2024-04-28 20:26:53,171 - INFO - Iteration: 10000, PSNR: 34.39503479003906
2024-04-28 20:27:09,203 - INFO - Iteration: 10100, PSNR: 32.3667106628418
2024-04-28 20:27:25,235 - INFO - Iteration: 10200, PSNR: 33.49748229980469
2024-04-28 20:27:41,320 - INFO - Iteration: 10300, PSNR: 34.04326629638672
2024-04-28 20:27:56,824 - INFO - Iteration: 10400, PSNR: 33.500038146972656
2024-04-28 20:28:13,211 - INFO - Iteration: 10500, PSNR: 34.491966247558594
2024-04-28 20:28:29,592 - INFO - Iteration: 10600, PSNR: 34.47079849243164
2024-04-28 20:28:45,719 - INFO - Iteration: 10700, PSNR: 33.91925811767578
2024-04-28 20:29:01,694 - INFO - Iteration: 10800, PSNR: 34.73871994018555
2024-04-28 20:29:17,692 - INFO - Iteration: 10900, PSNR: 33.31415939331055
2024-04-28 20:29:34,849 - INFO - Iteration: 11000, PSNR: 35.04936599731445
2024-04-28 20:29:51,057 - INFO - Iteration: 11100, PSNR: 34.6291389465332
2024-04-28 20:30:07,568 - INFO - Iteration: 11200, PSNR: 33.71099853515625
2024-04-28 20:30:23,355 - INFO - Iteration: 11300, PSNR: 33.28083801269531
2024-04-28 20:30:39,166 - INFO - Iteration: 11400, PSNR: 35.08804702758789
2024-04-28 20:30:55,499 - INFO - Iteration: 11500, PSNR: 33.98044204711914
2024-04-28 20:31:11,755 - INFO - Iteration: 11600, PSNR: 33.448768615722656
2024-04-28 20:31:27,793 - INFO - Iteration: 11700, PSNR: 33.16830062866211
2024-04-28 20:31:43,569 - INFO - Iteration: 11800, PSNR: 34.69306182861328
2024-04-28 20:31:59,567 - INFO - Iteration: 11900, PSNR: 34.6515998840332
2024-04-28 20:32:15,665 - INFO - Iteration: 12000, PSNR: 34.11567687988281
2024-04-28 20:32:31,750 - INFO - Iteration: 12100, PSNR: 34.979671478271484
2024-04-28 20:32:48,104 - INFO - Iteration: 12200, PSNR: 34.941688537597656
2024-04-28 20:33:03,814 - INFO - Iteration: 12300, PSNR: 34.95594024658203
2024-04-28 20:33:19,523 - INFO - Iteration: 12400, PSNR: 35.09164810180664
2024-04-28 20:33:35,548 - INFO - Iteration: 12500, PSNR: 33.27949905395508
2024-04-28 20:33:51,872 - INFO - Iteration: 12600, PSNR: 34.1707763671875
2024-04-28 20:34:07,684 - INFO - Iteration: 12700, PSNR: 35.14702606201172
2024-04-28 20:34:24,027 - INFO - Iteration: 12800, PSNR: 34.17732238769531
2024-04-28 20:34:40,216 - INFO - Iteration: 12900, PSNR: 34.626556396484375
2024-04-28 20:34:56,833 - INFO - Iteration: 13000, PSNR: 34.79152297973633
2024-04-28 20:35:13,009 - INFO - Iteration: 13100, PSNR: 34.70429611206055
2024-04-28 20:35:29,039 - INFO - Iteration: 13200, PSNR: 34.78522872924805
2024-04-28 20:35:44,423 - INFO - Iteration: 13300, PSNR: 34.911319732666016
2024-04-28 20:36:00,495 - INFO - Iteration: 13400, PSNR: 32.77699279785156
2024-04-28 20:36:16,885 - INFO - Iteration: 13500, PSNR: 34.04251480102539
2024-04-28 20:36:33,247 - INFO - Iteration: 13600, PSNR: 34.91587448120117
2024-04-28 20:36:49,287 - INFO - Iteration: 13700, PSNR: 34.50017166137695
2024-04-28 20:37:05,624 - INFO - Iteration: 13800, PSNR: 34.51847839355469
2024-04-28 20:37:21,757 - INFO - Iteration: 13900, PSNR: 35.13168716430664
2024-04-28 20:37:38,570 - INFO - Iteration: 14000, PSNR: 34.40177917480469
2024-04-28 20:37:54,850 - INFO - Iteration: 14100, PSNR: 34.64907455444336
2024-04-28 20:38:10,667 - INFO - Iteration: 14200, PSNR: 34.616172790527344
2024-04-28 20:38:26,357 - INFO - Iteration: 14300, PSNR: 34.65685272216797
2024-04-28 20:38:42,176 - INFO - Iteration: 14400, PSNR: 34.69672393798828
2024-04-28 20:38:58,158 - INFO - Iteration: 14500, PSNR: 34.530696868896484
2024-04-28 20:39:14,386 - INFO - Iteration: 14600, PSNR: 35.27858352661133
2024-04-28 20:39:30,404 - INFO - Iteration: 14700, PSNR: 34.95737838745117
2024-04-28 20:39:46,434 - INFO - Iteration: 14800, PSNR: 35.198917388916016
2024-04-28 20:40:02,268 - INFO - Iteration: 14900, PSNR: 35.64529037475586
2024-04-28 20:40:18,861 - INFO - Iteration: 15000, PSNR: 35.33937072753906
2024-04-28 20:40:34,840 - INFO - Iteration: 15100, PSNR: 35.038082122802734
2024-04-28 20:40:50,862 - INFO - Iteration: 15200, PSNR: 35.09027862548828
2024-04-28 20:41:06,802 - INFO - Iteration: 15300, PSNR: 34.971248626708984
2024-04-28 20:41:23,141 - INFO - Iteration: 15400, PSNR: 34.8267822265625
2024-04-28 20:41:39,646 - INFO - Iteration: 15500, PSNR: 34.608985900878906
2024-04-28 20:41:55,432 - INFO - Iteration: 15600, PSNR: 34.66447448730469
2024-04-28 20:42:11,452 - INFO - Iteration: 15700, PSNR: 34.44050598144531
2024-04-28 20:42:27,516 - INFO - Iteration: 15800, PSNR: 34.66864776611328
2024-04-28 20:42:43,396 - INFO - Iteration: 15900, PSNR: 32.6893310546875
2024-04-28 20:42:59,875 - INFO - Iteration: 16000, PSNR: 34.17507553100586
2024-04-28 20:43:16,920 - INFO - Iteration: 16100, PSNR: 34.754241943359375
2024-04-28 20:43:32,614 - INFO - Iteration: 16200, PSNR: 35.05567169189453
2024-04-28 20:43:48,439 - INFO - Iteration: 16300, PSNR: 34.42585372924805
2024-04-28 20:44:04,484 - INFO - Iteration: 16400, PSNR: 35.184669494628906
2024-04-28 20:44:20,564 - INFO - Iteration: 16500, PSNR: 31.494911193847656
2024-04-28 20:44:36,321 - INFO - Iteration: 16600, PSNR: 35.406097412109375
2024-04-28 20:44:53,974 - INFO - Iteration: 16700, PSNR: 34.71213150024414
2024-04-28 20:45:14,913 - INFO - Iteration: 16800, PSNR: 34.58489227294922
2024-04-28 20:45:34,514 - INFO - Iteration: 16900, PSNR: 35.078163146972656
2024-04-28 20:45:59,094 - INFO - Iteration: 17000, PSNR: 34.94565963745117
2024-04-28 20:46:23,063 - INFO - Iteration: 17100, PSNR: 34.278404235839844
2024-04-28 20:46:44,451 - INFO - Iteration: 17200, PSNR: 35.197044372558594
2024-04-28 20:46:59,861 - INFO - Iteration: 17300, PSNR: 35.521087646484375
2024-04-28 20:47:15,669 - INFO - Iteration: 17400, PSNR: 35.22517395019531
2024-04-28 20:47:34,784 - INFO - Iteration: 17500, PSNR: 34.977046966552734
2024-04-28 20:47:54,755 - INFO - Iteration: 17600, PSNR: 34.987403869628906
2024-04-28 20:48:18,672 - INFO - Iteration: 17700, PSNR: 35.437957763671875
2024-04-28 20:48:42,899 - INFO - Iteration: 17800, PSNR: 35.236534118652344
2024-04-28 20:49:07,188 - INFO - Iteration: 17900, PSNR: 34.76652145385742
2024-04-28 20:49:31,975 - INFO - Iteration: 18000, PSNR: 34.825157165527344
2024-04-28 20:49:55,978 - INFO - Iteration: 18100, PSNR: 35.137413024902344
2024-04-28 20:50:20,228 - INFO - Iteration: 18200, PSNR: 35.08146667480469
2024-04-28 20:50:44,364 - INFO - Iteration: 18300, PSNR: 35.975257873535156
2024-04-28 20:51:08,644 - INFO - Iteration: 18400, PSNR: 35.46705627441406
2024-04-28 20:51:32,908 - INFO - Iteration: 18500, PSNR: 35.29612350463867
2024-04-28 20:51:57,107 - INFO - Iteration: 18600, PSNR: 35.20631790161133
2024-04-28 20:52:21,532 - INFO - Iteration: 18700, PSNR: 34.28824996948242
2024-04-28 20:52:45,787 - INFO - Iteration: 18800, PSNR: 34.96177673339844
2024-04-28 20:53:09,845 - INFO - Iteration: 18900, PSNR: 34.78749084472656
2024-04-28 20:53:34,277 - INFO - Iteration: 19000, PSNR: 35.6049690246582
2024-04-28 20:53:58,576 - INFO - Iteration: 19100, PSNR: 35.45960235595703
2024-04-28 20:54:22,801 - INFO - Iteration: 19200, PSNR: 35.01042938232422
2024-04-28 20:54:46,949 - INFO - Iteration: 19300, PSNR: 35.418434143066406
2024-04-28 20:55:11,168 - INFO - Iteration: 19400, PSNR: 35.176612854003906
2024-04-28 20:55:35,094 - INFO - Iteration: 19500, PSNR: 35.58644104003906
2024-04-28 20:55:59,318 - INFO - Iteration: 19600, PSNR: 34.89607238769531
2024-04-28 20:56:23,498 - INFO - Iteration: 19700, PSNR: 34.463924407958984
2024-04-28 20:56:47,724 - INFO - Iteration: 19800, PSNR: 35.34793472290039
2024-04-28 20:57:11,778 - INFO - Iteration: 19900, PSNR: 34.70851135253906
2024-04-28 20:57:36,314 - INFO - Iteration: 20000, PSNR: 34.874507904052734
2024-04-28 20:57:36,314 - INFO - Processed model
2024-04-28 20:57:36,314 - INFO - Saving PSNRs
2024-04-28 20:57:36,315 - INFO - Saving model
2024-04-28 20:57:36,326 - INFO - Saving optimizer
2024-04-28 20:57:36,346 - INFO - DONE!
2024-04-28 20:57:36,367 - INFO - ***FINISHED***
