2024-04-28 22:21:44,018 - INFO - ***STARTING***
2024-04-28 22:21:48,003 - INFO - Started processing model
2024-04-28 22:21:49,437 - INFO - Iteration: 0, PSNR: 12.804082870483398
2024-04-28 22:22:03,417 - INFO - Iteration: 100, PSNR: 18.92254638671875
2024-04-28 22:22:16,712 - INFO - Iteration: 200, PSNR: 20.757963180541992
2024-04-28 22:22:32,017 - INFO - Iteration: 300, PSNR: 21.1632137298584
2024-04-28 22:22:48,454 - INFO - Iteration: 400, PSNR: 21.466934204101562
2024-04-28 22:23:03,617 - INFO - Iteration: 500, PSNR: 22.05836296081543
2024-04-28 22:23:17,522 - INFO - Iteration: 600, PSNR: 22.246551513671875
2024-04-28 22:23:30,175 - INFO - Iteration: 700, PSNR: 22.01693344116211
2024-04-28 22:23:41,961 - INFO - Iteration: 800, PSNR: 22.49312400817871
2024-04-28 22:23:55,197 - INFO - Iteration: 900, PSNR: 22.722349166870117
2024-04-28 22:24:09,080 - INFO - Iteration: 1000, PSNR: 21.991289138793945
2024-04-28 22:24:22,877 - INFO - Iteration: 1100, PSNR: 23.745615005493164
2024-04-28 22:24:35,016 - INFO - Iteration: 1200, PSNR: 23.80795669555664
2024-04-28 22:24:47,452 - INFO - Iteration: 1300, PSNR: 23.204486846923828
2024-04-28 22:25:00,502 - INFO - Iteration: 1400, PSNR: 23.631519317626953
2024-04-28 22:25:16,108 - INFO - Iteration: 1500, PSNR: 21.730661392211914
2024-04-28 22:25:33,429 - INFO - Iteration: 1600, PSNR: 24.30335807800293
2024-04-28 22:25:49,435 - INFO - Iteration: 1700, PSNR: 23.267440795898438
2024-04-28 22:26:05,605 - INFO - Iteration: 1800, PSNR: 24.097599029541016
2024-04-28 22:26:21,917 - INFO - Iteration: 1900, PSNR: 24.457273483276367
2024-04-28 22:26:38,237 - INFO - Iteration: 2000, PSNR: 24.187868118286133
2024-04-28 22:26:54,921 - INFO - Iteration: 2100, PSNR: 24.26041603088379
2024-04-28 22:27:11,404 - INFO - Iteration: 2200, PSNR: 24.14426040649414
2024-04-28 22:27:29,255 - INFO - Iteration: 2300, PSNR: 23.501026153564453
2024-04-28 22:27:46,374 - INFO - Iteration: 2400, PSNR: 25.14681625366211
2024-04-28 22:28:04,035 - INFO - Iteration: 2500, PSNR: 24.438915252685547
2024-04-28 22:28:21,261 - INFO - Iteration: 2600, PSNR: 24.768352508544922
2024-04-28 22:28:38,704 - INFO - Iteration: 2700, PSNR: 24.89700698852539
2024-04-28 22:28:55,394 - INFO - Iteration: 2800, PSNR: 24.743228912353516
2024-04-28 22:29:12,390 - INFO - Iteration: 2900, PSNR: 25.057395935058594
2024-04-28 22:29:29,407 - INFO - Iteration: 3000, PSNR: 25.094892501831055
2024-04-28 22:29:46,747 - INFO - Iteration: 3100, PSNR: 24.405851364135742
2024-04-28 22:30:05,292 - INFO - Iteration: 3200, PSNR: 24.286579132080078
2024-04-28 22:30:22,960 - INFO - Iteration: 3300, PSNR: 24.782978057861328
2024-04-28 22:30:40,419 - INFO - Iteration: 3400, PSNR: 25.137706756591797
2024-04-28 22:30:58,173 - INFO - Iteration: 3500, PSNR: 25.684123992919922
2024-04-28 22:31:13,978 - INFO - Iteration: 3600, PSNR: 25.640886306762695
2024-04-28 22:31:30,208 - INFO - Iteration: 3700, PSNR: 25.335018157958984
2024-04-28 22:31:46,957 - INFO - Iteration: 3800, PSNR: 25.66678810119629
2024-04-28 22:32:02,913 - INFO - Iteration: 3900, PSNR: 25.398391723632812
2024-04-28 22:32:20,406 - INFO - Iteration: 4000, PSNR: 25.72994613647461
2024-04-28 22:32:38,473 - INFO - Iteration: 4100, PSNR: 25.447065353393555
2024-04-28 22:32:54,826 - INFO - Iteration: 4200, PSNR: 25.334850311279297
2024-04-28 22:33:12,525 - INFO - Iteration: 4300, PSNR: 25.458288192749023
2024-04-28 22:33:29,338 - INFO - Iteration: 4400, PSNR: 26.48637580871582
2024-04-28 22:33:46,641 - INFO - Iteration: 4500, PSNR: 26.329044342041016
2024-04-28 22:34:02,725 - INFO - Iteration: 4600, PSNR: 26.732805252075195
2024-04-28 22:34:18,462 - INFO - Iteration: 4700, PSNR: 26.139867782592773
2024-04-28 22:34:35,096 - INFO - Iteration: 4800, PSNR: 26.753650665283203
2024-04-28 22:34:52,231 - INFO - Iteration: 4900, PSNR: 27.5277156829834
2024-04-28 22:35:10,139 - INFO - Iteration: 5000, PSNR: 27.17888641357422
2024-04-28 22:35:27,296 - INFO - Iteration: 5100, PSNR: 28.486783981323242
2024-04-28 22:35:43,578 - INFO - Iteration: 5200, PSNR: 27.348857879638672
2024-04-28 22:36:00,699 - INFO - Iteration: 5300, PSNR: 27.752561569213867
2024-04-28 22:36:18,423 - INFO - Iteration: 5400, PSNR: 28.7661075592041
2024-04-28 22:36:35,507 - INFO - Iteration: 5500, PSNR: 28.85245132446289
2024-04-28 22:36:53,296 - INFO - Iteration: 5600, PSNR: 27.266216278076172
2024-04-28 22:37:11,493 - INFO - Iteration: 5700, PSNR: 28.665626525878906
2024-04-28 22:37:27,885 - INFO - Iteration: 5800, PSNR: 27.66568946838379
2024-04-28 22:37:45,570 - INFO - Iteration: 5900, PSNR: 28.94028663635254
2024-04-28 22:38:04,371 - INFO - Iteration: 6000, PSNR: 28.07007598876953
2024-04-28 22:38:20,738 - INFO - Iteration: 6100, PSNR: 29.473648071289062
2024-04-28 22:38:37,374 - INFO - Iteration: 6200, PSNR: 29.439146041870117
2024-04-28 22:38:53,495 - INFO - Iteration: 6300, PSNR: 28.930007934570312
2024-04-28 22:39:09,755 - INFO - Iteration: 6400, PSNR: 27.290401458740234
2024-04-28 22:39:26,159 - INFO - Iteration: 6500, PSNR: 28.41617774963379
2024-04-28 22:39:42,373 - INFO - Iteration: 6600, PSNR: 29.537086486816406
2024-04-28 22:39:58,824 - INFO - Iteration: 6700, PSNR: 28.206600189208984
2024-04-28 22:40:15,400 - INFO - Iteration: 6800, PSNR: 30.328474044799805
2024-04-28 22:40:31,694 - INFO - Iteration: 6900, PSNR: 29.986896514892578
2024-04-28 22:40:47,872 - INFO - Iteration: 7000, PSNR: 29.970623016357422
2024-04-28 22:41:04,275 - INFO - Iteration: 7100, PSNR: 29.27223014831543
2024-04-28 22:41:20,262 - INFO - Iteration: 7200, PSNR: 29.19110107421875
2024-04-28 22:41:36,280 - INFO - Iteration: 7300, PSNR: 28.85940933227539
2024-04-28 22:41:52,478 - INFO - Iteration: 7400, PSNR: 29.26483154296875
2024-04-28 22:42:08,626 - INFO - Iteration: 7500, PSNR: 29.11038589477539
2024-04-28 22:42:24,643 - INFO - Iteration: 7600, PSNR: 29.571802139282227
2024-04-28 22:42:41,062 - INFO - Iteration: 7700, PSNR: 29.910306930541992
2024-04-28 22:42:57,456 - INFO - Iteration: 7800, PSNR: 30.116458892822266
2024-04-28 22:43:13,516 - INFO - Iteration: 7900, PSNR: 28.979412078857422
2024-04-28 22:43:30,869 - INFO - Iteration: 8000, PSNR: 30.11623191833496
2024-04-28 22:43:48,275 - INFO - Iteration: 8100, PSNR: 30.148406982421875
2024-04-28 22:44:05,267 - INFO - Iteration: 8200, PSNR: 30.44928741455078
2024-04-28 22:44:22,858 - INFO - Iteration: 8300, PSNR: 30.120933532714844
2024-04-28 22:44:40,115 - INFO - Iteration: 8400, PSNR: 30.358638763427734
2024-04-28 22:44:57,348 - INFO - Iteration: 8500, PSNR: 29.64017105102539
2024-04-28 22:45:14,091 - INFO - Iteration: 8600, PSNR: 30.372007369995117
2024-04-28 22:45:33,099 - INFO - Iteration: 8700, PSNR: 30.227924346923828
2024-04-28 22:45:51,505 - INFO - Iteration: 8800, PSNR: 30.822771072387695
2024-04-28 22:46:09,612 - INFO - Iteration: 8900, PSNR: 29.45104217529297
2024-04-28 22:46:30,366 - INFO - Iteration: 9000, PSNR: 29.736215591430664
2024-04-28 22:46:50,617 - INFO - Iteration: 9100, PSNR: 29.914934158325195
2024-04-28 22:47:11,010 - INFO - Iteration: 9200, PSNR: 29.83041763305664
2024-04-28 22:47:32,685 - INFO - Iteration: 9300, PSNR: 30.999217987060547
2024-04-28 22:47:50,094 - INFO - Iteration: 9400, PSNR: 29.946430206298828
2024-04-28 22:48:09,384 - INFO - Iteration: 9500, PSNR: 30.752277374267578
2024-04-28 22:48:28,258 - INFO - Iteration: 9600, PSNR: 30.930438995361328
2024-04-28 22:48:47,565 - INFO - Iteration: 9700, PSNR: 30.712158203125
2024-04-28 22:49:09,283 - INFO - Iteration: 9800, PSNR: 30.17974090576172
2024-04-28 22:49:28,150 - INFO - Iteration: 9900, PSNR: 30.554031372070312
2024-04-28 22:49:48,036 - INFO - Iteration: 10000, PSNR: 31.24394989013672
2024-04-28 22:50:08,639 - INFO - Iteration: 10100, PSNR: 29.993976593017578
2024-04-28 22:50:26,128 - INFO - Iteration: 10200, PSNR: 31.84479522705078
2024-04-28 22:50:42,534 - INFO - Iteration: 10300, PSNR: 31.072608947753906
2024-04-28 22:50:58,484 - INFO - Iteration: 10400, PSNR: 31.013427734375
2024-04-28 22:51:14,742 - INFO - Iteration: 10500, PSNR: 31.135257720947266
2024-04-28 22:51:32,919 - INFO - Iteration: 10600, PSNR: 30.292699813842773
2024-04-28 22:51:51,143 - INFO - Iteration: 10700, PSNR: 30.79056739807129
2024-04-28 22:52:08,160 - INFO - Iteration: 10800, PSNR: 30.33553123474121
2024-04-28 22:52:25,494 - INFO - Iteration: 10900, PSNR: 30.330142974853516
2024-04-28 22:52:43,745 - INFO - Iteration: 11000, PSNR: 30.448720932006836
2024-04-28 22:53:00,429 - INFO - Iteration: 11100, PSNR: 30.188541412353516
2024-04-28 22:53:16,861 - INFO - Iteration: 11200, PSNR: 30.90266990661621
2024-04-28 22:53:32,469 - INFO - Iteration: 11300, PSNR: 29.870990753173828
2024-04-28 22:53:49,025 - INFO - Iteration: 11400, PSNR: 31.478851318359375
2024-04-28 22:54:06,351 - INFO - Iteration: 11500, PSNR: 31.43136978149414
2024-04-28 22:54:22,470 - INFO - Iteration: 11600, PSNR: 30.639429092407227
2024-04-28 22:54:39,842 - INFO - Iteration: 11700, PSNR: 31.311126708984375
2024-04-28 22:54:57,018 - INFO - Iteration: 11800, PSNR: 30.613298416137695
2024-04-28 22:55:15,160 - INFO - Iteration: 11900, PSNR: 31.836454391479492
2024-04-28 22:55:32,158 - INFO - Iteration: 12000, PSNR: 31.137969970703125
2024-04-28 22:55:49,137 - INFO - Iteration: 12100, PSNR: 31.890281677246094
2024-04-28 22:56:07,617 - INFO - Iteration: 12200, PSNR: 29.904191970825195
2024-04-28 22:56:24,910 - INFO - Iteration: 12300, PSNR: 31.26493263244629
2024-04-28 22:56:42,413 - INFO - Iteration: 12400, PSNR: 31.78968620300293
2024-04-28 22:56:59,796 - INFO - Iteration: 12500, PSNR: 30.58919906616211
2024-04-28 22:57:19,019 - INFO - Iteration: 12600, PSNR: 30.172943115234375
2024-04-28 22:57:36,349 - INFO - Iteration: 12700, PSNR: 31.90814208984375
2024-04-28 22:57:54,116 - INFO - Iteration: 12800, PSNR: 30.47842788696289
2024-04-28 22:58:10,244 - INFO - Iteration: 12900, PSNR: 31.5799617767334
2024-04-28 22:58:27,111 - INFO - Iteration: 13000, PSNR: 32.039085388183594
2024-04-28 22:58:43,243 - INFO - Iteration: 13100, PSNR: 31.8404541015625
2024-04-28 22:58:59,465 - INFO - Iteration: 13200, PSNR: 31.651411056518555
2024-04-28 22:59:18,127 - INFO - Iteration: 13300, PSNR: 30.854127883911133
2024-04-28 22:59:35,874 - INFO - Iteration: 13400, PSNR: 30.905750274658203
2024-04-28 22:59:52,021 - INFO - Iteration: 13500, PSNR: 30.964012145996094
2024-04-28 23:00:08,335 - INFO - Iteration: 13600, PSNR: 31.309551239013672
2024-04-28 23:00:24,639 - INFO - Iteration: 13700, PSNR: 31.186248779296875
2024-04-28 23:00:40,767 - INFO - Iteration: 13800, PSNR: 32.519771575927734
2024-04-28 23:00:56,883 - INFO - Iteration: 13900, PSNR: 31.130971908569336
2024-04-28 23:01:13,260 - INFO - Iteration: 14000, PSNR: 30.96133041381836
2024-04-28 23:01:29,550 - INFO - Iteration: 14100, PSNR: 31.00649642944336
2024-04-28 23:01:46,701 - INFO - Iteration: 14200, PSNR: 31.629789352416992
2024-04-28 23:02:04,961 - INFO - Iteration: 14300, PSNR: 31.0369873046875
2024-04-28 23:02:21,712 - INFO - Iteration: 14400, PSNR: 30.48280906677246
2024-04-28 23:02:37,934 - INFO - Iteration: 14500, PSNR: 31.49213981628418
2024-04-28 23:02:54,131 - INFO - Iteration: 14600, PSNR: 30.023012161254883
2024-04-28 23:03:09,669 - INFO - Iteration: 14700, PSNR: 31.381025314331055
2024-04-28 23:03:25,825 - INFO - Iteration: 14800, PSNR: 31.032217025756836
2024-04-28 23:03:44,008 - INFO - Iteration: 14900, PSNR: 31.11623764038086
2024-04-28 23:04:00,129 - INFO - Iteration: 15000, PSNR: 31.302104949951172
2024-04-28 23:04:16,734 - INFO - Iteration: 15100, PSNR: 31.983619689941406
2024-04-28 23:04:32,748 - INFO - Iteration: 15200, PSNR: 31.60124969482422
2024-04-28 23:04:48,952 - INFO - Iteration: 15300, PSNR: 30.933486938476562
2024-04-28 23:05:05,005 - INFO - Iteration: 15400, PSNR: 31.647319793701172
2024-04-28 23:05:21,041 - INFO - Iteration: 15500, PSNR: 31.113988876342773
2024-04-28 23:05:36,997 - INFO - Iteration: 15600, PSNR: 31.827110290527344
2024-04-28 23:05:53,193 - INFO - Iteration: 15700, PSNR: 31.9814453125
2024-04-28 23:06:09,216 - INFO - Iteration: 15800, PSNR: 32.248924255371094
2024-04-28 23:06:25,369 - INFO - Iteration: 15900, PSNR: 30.980701446533203
2024-04-28 23:06:42,109 - INFO - Iteration: 16000, PSNR: 31.850072860717773
2024-04-28 23:06:58,254 - INFO - Iteration: 16100, PSNR: 31.445104598999023
2024-04-28 23:07:14,797 - INFO - Iteration: 16200, PSNR: 30.372211456298828
2024-04-28 23:07:30,763 - INFO - Iteration: 16300, PSNR: 31.53752899169922
2024-04-28 23:07:46,669 - INFO - Iteration: 16400, PSNR: 30.63174057006836
2024-04-28 23:08:02,587 - INFO - Iteration: 16500, PSNR: 30.68340301513672
2024-04-28 23:08:18,698 - INFO - Iteration: 16600, PSNR: 32.32728958129883
2024-04-28 23:08:34,607 - INFO - Iteration: 16700, PSNR: 32.2814826965332
2024-04-28 23:08:47,507 - INFO - Iteration: 16800, PSNR: 30.958154678344727
2024-04-28 23:09:00,125 - INFO - Iteration: 16900, PSNR: 31.164113998413086
2024-04-28 23:09:12,267 - INFO - Iteration: 17000, PSNR: 31.750370025634766
2024-04-28 23:09:23,739 - INFO - Iteration: 17100, PSNR: 31.574081420898438
2024-04-28 23:09:35,366 - INFO - Iteration: 17200, PSNR: 32.384971618652344
2024-04-28 23:09:46,901 - INFO - Iteration: 17300, PSNR: 32.228782653808594
2024-04-28 23:09:57,814 - INFO - Iteration: 17400, PSNR: 32.839725494384766
2024-04-28 23:10:10,077 - INFO - Iteration: 17500, PSNR: 32.14628601074219
2024-04-28 23:10:21,855 - INFO - Iteration: 17600, PSNR: 31.791465759277344
2024-04-28 23:10:33,551 - INFO - Iteration: 17700, PSNR: 31.736419677734375
2024-04-28 23:10:45,324 - INFO - Iteration: 17800, PSNR: 31.89403533935547
2024-04-28 23:10:57,688 - INFO - Iteration: 17900, PSNR: 30.06342315673828
2024-04-28 23:11:09,684 - INFO - Iteration: 18000, PSNR: 31.58479881286621
2024-04-28 23:11:20,548 - INFO - Iteration: 18100, PSNR: 31.828807830810547
2024-04-28 23:11:31,616 - INFO - Iteration: 18200, PSNR: 30.581579208374023
2024-04-28 23:11:42,980 - INFO - Iteration: 18300, PSNR: 31.540672302246094
2024-04-28 23:11:56,289 - INFO - Iteration: 18400, PSNR: 31.862796783447266
2024-04-28 23:12:08,961 - INFO - Iteration: 18500, PSNR: 31.77995491027832
2024-04-28 23:12:21,972 - INFO - Iteration: 18600, PSNR: 32.230804443359375
2024-04-28 23:12:34,269 - INFO - Iteration: 18700, PSNR: 31.798900604248047
2024-04-28 23:12:47,355 - INFO - Iteration: 18800, PSNR: 32.16769790649414
2024-04-28 23:13:01,419 - INFO - Iteration: 18900, PSNR: 30.92595672607422
2024-04-28 23:13:15,187 - INFO - Iteration: 19000, PSNR: 31.800724029541016
2024-04-28 23:13:28,351 - INFO - Iteration: 19100, PSNR: 31.707544326782227
2024-04-28 23:13:41,339 - INFO - Iteration: 19200, PSNR: 32.46599578857422
2024-04-28 23:13:53,689 - INFO - Iteration: 19300, PSNR: 32.80632400512695
2024-04-28 23:14:06,495 - INFO - Iteration: 19400, PSNR: 31.98712158203125
2024-04-28 23:14:19,418 - INFO - Iteration: 19500, PSNR: 30.70691680908203
2024-04-28 23:14:31,009 - INFO - Iteration: 19600, PSNR: 31.359670639038086
2024-04-28 23:14:43,834 - INFO - Iteration: 19700, PSNR: 31.888019561767578
2024-04-28 23:14:57,174 - INFO - Iteration: 19800, PSNR: 31.944467544555664
2024-04-28 23:15:10,190 - INFO - Iteration: 19900, PSNR: 30.944923400878906
2024-04-28 23:15:24,832 - INFO - Iteration: 20000, PSNR: 31.718263626098633
2024-04-28 23:15:24,832 - INFO - Processed model
2024-04-28 23:15:24,833 - INFO - Saving PSNRs
2024-04-28 23:15:24,834 - INFO - Saving model
2024-04-28 23:15:25,773 - INFO - Saving optimizer
2024-04-28 23:15:25,784 - INFO - DONE!
2024-04-28 23:15:25,806 - INFO - ***FINISHED***
