2024-04-28 22:16:09,789 - INFO - ***STARTING***
2024-04-28 22:16:17,062 - INFO - Started processing model
2024-04-28 22:16:19,747 - INFO - Iteration: 0, PSNR: 10.776206970214844
2024-04-28 22:16:33,236 - INFO - Iteration: 100, PSNR: 18.96847915649414
2024-04-28 22:16:41,829 - INFO - Iteration: 200, PSNR: 20.09981346130371
2024-04-28 22:16:50,646 - INFO - Iteration: 300, PSNR: 21.73244285583496
2024-04-28 22:17:03,514 - INFO - Iteration: 400, PSNR: 23.157978057861328
2024-04-28 22:17:11,842 - INFO - Iteration: 500, PSNR: 24.743358612060547
2024-04-28 22:17:21,709 - INFO - Iteration: 600, PSNR: 22.216293334960938
2024-04-28 22:17:31,327 - INFO - Iteration: 700, PSNR: 24.39752769470215
2024-04-28 22:17:41,600 - INFO - Iteration: 800, PSNR: 24.779651641845703
2024-04-28 22:17:51,388 - INFO - Iteration: 900, PSNR: 25.313201904296875
2024-04-28 22:18:02,218 - INFO - Iteration: 1000, PSNR: 25.7514591217041
2024-04-28 22:18:11,942 - INFO - Iteration: 1100, PSNR: 26.375341415405273
2024-04-28 22:18:21,666 - INFO - Iteration: 1200, PSNR: 27.74725914001465
2024-04-28 22:18:30,706 - INFO - Iteration: 1300, PSNR: 26.745023727416992
2024-04-28 22:18:40,091 - INFO - Iteration: 1400, PSNR: 28.223766326904297
2024-04-28 22:18:50,694 - INFO - Iteration: 1500, PSNR: 28.000389099121094
2024-04-28 22:19:00,132 - INFO - Iteration: 1600, PSNR: 28.68136215209961
2024-04-28 22:19:09,578 - INFO - Iteration: 1700, PSNR: 28.578369140625
2024-04-28 22:19:22,262 - INFO - Iteration: 1800, PSNR: 28.59341812133789
2024-04-28 22:19:35,215 - INFO - Iteration: 1900, PSNR: 29.271331787109375
2024-04-28 22:19:47,862 - INFO - Iteration: 2000, PSNR: 29.336366653442383
2024-04-28 22:20:00,619 - INFO - Iteration: 2100, PSNR: 29.141462326049805
2024-04-28 22:20:12,080 - INFO - Iteration: 2200, PSNR: 30.149276733398438
2024-04-28 22:20:23,358 - INFO - Iteration: 2300, PSNR: 29.647619247436523
2024-04-28 22:20:33,833 - INFO - Iteration: 2400, PSNR: 30.540382385253906
2024-04-28 22:20:43,488 - INFO - Iteration: 2500, PSNR: 30.58614730834961
2024-04-28 22:20:53,463 - INFO - Iteration: 2600, PSNR: 30.003292083740234
2024-04-28 22:21:03,282 - INFO - Iteration: 2700, PSNR: 30.915334701538086
2024-04-28 22:21:14,549 - INFO - Iteration: 2800, PSNR: 31.409637451171875
2024-04-28 22:21:24,305 - INFO - Iteration: 2900, PSNR: 31.404739379882812
2024-04-28 22:21:34,038 - INFO - Iteration: 3000, PSNR: 31.23476791381836
2024-04-28 22:21:44,373 - INFO - Iteration: 3100, PSNR: 31.297828674316406
2024-04-28 22:21:56,736 - INFO - Iteration: 3200, PSNR: 31.917360305786133
2024-04-28 22:22:09,580 - INFO - Iteration: 3300, PSNR: 30.847354888916016
2024-04-28 22:22:23,322 - INFO - Iteration: 3400, PSNR: 31.111846923828125
2024-04-28 22:22:39,268 - INFO - Iteration: 3500, PSNR: 31.133214950561523
2024-04-28 22:22:55,975 - INFO - Iteration: 3600, PSNR: 32.687320709228516
2024-04-28 22:23:13,078 - INFO - Iteration: 3700, PSNR: 31.996431350708008
2024-04-28 22:23:25,861 - INFO - Iteration: 3800, PSNR: 31.961652755737305
2024-04-28 22:23:37,309 - INFO - Iteration: 3900, PSNR: 31.63187026977539
2024-04-28 22:23:51,063 - INFO - Iteration: 4000, PSNR: 32.45945739746094
2024-04-28 22:24:03,996 - INFO - Iteration: 4100, PSNR: 31.691932678222656
2024-04-28 22:24:15,188 - INFO - Iteration: 4200, PSNR: 32.86579132080078
2024-04-28 22:24:27,772 - INFO - Iteration: 4300, PSNR: 31.907350540161133
2024-04-28 22:24:40,035 - INFO - Iteration: 4400, PSNR: 32.283504486083984
2024-04-28 22:24:53,502 - INFO - Iteration: 4500, PSNR: 32.47843933105469
2024-04-28 22:25:05,893 - INFO - Iteration: 4600, PSNR: 33.448211669921875
2024-04-28 22:25:22,711 - INFO - Iteration: 4700, PSNR: 32.09688186645508
2024-04-28 22:25:39,272 - INFO - Iteration: 4800, PSNR: 31.701078414916992
2024-04-28 22:25:56,225 - INFO - Iteration: 4900, PSNR: 33.91770935058594
2024-04-28 22:26:14,182 - INFO - Iteration: 5000, PSNR: 31.551502227783203
2024-04-28 22:26:31,217 - INFO - Iteration: 5100, PSNR: 32.89349365234375
2024-04-28 22:26:48,222 - INFO - Iteration: 5200, PSNR: 34.25723648071289
2024-04-28 22:27:05,153 - INFO - Iteration: 5300, PSNR: 33.114864349365234
2024-04-28 22:27:22,461 - INFO - Iteration: 5400, PSNR: 32.48493957519531
2024-04-28 22:27:38,046 - INFO - Iteration: 5500, PSNR: 32.86880111694336
2024-04-28 22:27:54,701 - INFO - Iteration: 5600, PSNR: 33.24741744995117
2024-04-28 22:28:12,563 - INFO - Iteration: 5700, PSNR: 32.704254150390625
2024-04-28 22:28:29,998 - INFO - Iteration: 5800, PSNR: 32.71865463256836
2024-04-28 22:28:45,189 - INFO - Iteration: 5900, PSNR: 32.57122039794922
2024-04-28 22:29:02,028 - INFO - Iteration: 6000, PSNR: 33.5386962890625
2024-04-28 22:29:19,790 - INFO - Iteration: 6100, PSNR: 33.56451416015625
2024-04-28 22:29:35,813 - INFO - Iteration: 6200, PSNR: 33.6164665222168
2024-04-28 22:29:52,373 - INFO - Iteration: 6300, PSNR: 34.05399703979492
2024-04-28 22:30:09,628 - INFO - Iteration: 6400, PSNR: 31.282503128051758
2024-04-28 22:30:26,375 - INFO - Iteration: 6500, PSNR: 33.95970153808594
2024-04-28 22:30:43,006 - INFO - Iteration: 6600, PSNR: 33.186866760253906
2024-04-28 22:30:59,683 - INFO - Iteration: 6700, PSNR: 33.743553161621094
2024-04-28 22:31:18,165 - INFO - Iteration: 6800, PSNR: 32.52714538574219
2024-04-28 22:31:35,571 - INFO - Iteration: 6900, PSNR: 31.860572814941406
2024-04-28 22:31:53,455 - INFO - Iteration: 7000, PSNR: 34.069576263427734
2024-04-28 22:32:10,702 - INFO - Iteration: 7100, PSNR: 33.741233825683594
2024-04-28 22:32:28,363 - INFO - Iteration: 7200, PSNR: 34.68937683105469
2024-04-28 22:32:45,678 - INFO - Iteration: 7300, PSNR: 33.726524353027344
2024-04-28 22:33:02,976 - INFO - Iteration: 7400, PSNR: 33.951412200927734
2024-04-28 22:33:19,268 - INFO - Iteration: 7500, PSNR: 32.75795364379883
2024-04-28 22:33:34,446 - INFO - Iteration: 7600, PSNR: 33.12958526611328
2024-04-28 22:33:52,487 - INFO - Iteration: 7700, PSNR: 34.00032043457031
2024-04-28 22:34:10,192 - INFO - Iteration: 7800, PSNR: 34.204566955566406
2024-04-28 22:34:27,424 - INFO - Iteration: 7900, PSNR: 33.258888244628906
2024-04-28 22:34:44,643 - INFO - Iteration: 8000, PSNR: 34.57263946533203
2024-04-28 22:35:02,280 - INFO - Iteration: 8100, PSNR: 33.96815490722656
2024-04-28 22:35:18,104 - INFO - Iteration: 8200, PSNR: 34.34435272216797
2024-04-28 22:35:35,110 - INFO - Iteration: 8300, PSNR: 34.173465728759766
2024-04-28 22:35:52,753 - INFO - Iteration: 8400, PSNR: 33.8449821472168
2024-04-28 22:36:10,713 - INFO - Iteration: 8500, PSNR: 33.66154098510742
2024-04-28 22:36:28,238 - INFO - Iteration: 8600, PSNR: 33.10484313964844
2024-04-28 22:36:45,430 - INFO - Iteration: 8700, PSNR: 34.56916427612305
2024-04-28 22:37:02,201 - INFO - Iteration: 8800, PSNR: 33.913055419921875
2024-04-28 22:37:19,713 - INFO - Iteration: 8900, PSNR: 33.587989807128906
2024-04-28 22:37:38,010 - INFO - Iteration: 9000, PSNR: 34.11162567138672
2024-04-28 22:37:54,994 - INFO - Iteration: 9100, PSNR: 33.49030303955078
2024-04-28 22:38:11,285 - INFO - Iteration: 9200, PSNR: 32.99374771118164
2024-04-28 22:38:27,505 - INFO - Iteration: 9300, PSNR: 33.04816436767578
2024-04-28 22:38:43,577 - INFO - Iteration: 9400, PSNR: 34.112709045410156
2024-04-28 22:38:59,921 - INFO - Iteration: 9500, PSNR: 33.848472595214844
2024-04-28 22:39:16,076 - INFO - Iteration: 9600, PSNR: 34.83423614501953
2024-04-28 22:39:32,339 - INFO - Iteration: 9700, PSNR: 33.87276077270508
2024-04-28 22:39:48,761 - INFO - Iteration: 9800, PSNR: 33.06385803222656
2024-04-28 22:40:05,144 - INFO - Iteration: 9900, PSNR: 33.76235580444336
2024-04-28 22:40:21,563 - INFO - Iteration: 10000, PSNR: 34.541053771972656
2024-04-28 22:40:38,252 - INFO - Iteration: 10100, PSNR: 33.462684631347656
2024-04-28 22:40:54,362 - INFO - Iteration: 10200, PSNR: 33.73481369018555
2024-04-28 22:41:10,483 - INFO - Iteration: 10300, PSNR: 33.034812927246094
2024-04-28 22:41:26,582 - INFO - Iteration: 10400, PSNR: 34.44736099243164
2024-04-28 22:41:42,650 - INFO - Iteration: 10500, PSNR: 35.32355880737305
2024-04-28 22:41:58,540 - INFO - Iteration: 10600, PSNR: 35.369712829589844
2024-04-28 22:42:15,041 - INFO - Iteration: 10700, PSNR: 34.19758987426758
2024-04-28 22:42:31,210 - INFO - Iteration: 10800, PSNR: 33.16756820678711
2024-04-28 22:42:47,361 - INFO - Iteration: 10900, PSNR: 34.79512405395508
2024-04-28 22:43:04,395 - INFO - Iteration: 11000, PSNR: 33.94691848754883
2024-04-28 22:43:20,873 - INFO - Iteration: 11100, PSNR: 34.50721740722656
2024-04-28 22:43:36,351 - INFO - Iteration: 11200, PSNR: 34.16380310058594
2024-04-28 22:43:53,001 - INFO - Iteration: 11300, PSNR: 35.001708984375
2024-04-28 22:44:09,151 - INFO - Iteration: 11400, PSNR: 33.89728927612305
2024-04-28 22:44:26,042 - INFO - Iteration: 11500, PSNR: 34.4603385925293
2024-04-28 22:44:43,174 - INFO - Iteration: 11600, PSNR: 34.27497482299805
2024-04-28 22:44:59,660 - INFO - Iteration: 11700, PSNR: 34.29026412963867
2024-04-28 22:45:16,038 - INFO - Iteration: 11800, PSNR: 33.528865814208984
2024-04-28 22:45:33,486 - INFO - Iteration: 11900, PSNR: 35.326080322265625
2024-04-28 22:45:54,112 - INFO - Iteration: 12000, PSNR: 35.942039489746094
2024-04-28 22:46:13,105 - INFO - Iteration: 12100, PSNR: 34.079566955566406
2024-04-28 22:46:33,564 - INFO - Iteration: 12200, PSNR: 33.463199615478516
2024-04-28 22:46:54,701 - INFO - Iteration: 12300, PSNR: 34.62367630004883
2024-04-28 22:47:15,628 - INFO - Iteration: 12400, PSNR: 34.08553695678711
2024-04-28 22:47:34,629 - INFO - Iteration: 12500, PSNR: 33.33662033081055
2024-04-28 22:47:54,863 - INFO - Iteration: 12600, PSNR: 34.322357177734375
2024-04-28 22:48:16,481 - INFO - Iteration: 12700, PSNR: 34.58608627319336
2024-04-28 22:48:38,246 - INFO - Iteration: 12800, PSNR: 35.62989044189453
2024-04-28 22:48:57,571 - INFO - Iteration: 12900, PSNR: 34.675987243652344
2024-04-28 22:49:18,282 - INFO - Iteration: 13000, PSNR: 33.16493606567383
2024-04-28 22:49:39,948 - INFO - Iteration: 13100, PSNR: 34.07266616821289
2024-04-28 22:49:59,595 - INFO - Iteration: 13200, PSNR: 34.95890808105469
2024-04-28 22:50:15,897 - INFO - Iteration: 13300, PSNR: 34.516700744628906
2024-04-28 22:50:32,283 - INFO - Iteration: 13400, PSNR: 34.304893493652344
2024-04-28 22:50:48,527 - INFO - Iteration: 13500, PSNR: 33.84928512573242
2024-04-28 22:51:04,664 - INFO - Iteration: 13600, PSNR: 35.515262603759766
2024-04-28 22:51:21,589 - INFO - Iteration: 13700, PSNR: 34.21049499511719
2024-04-28 22:51:36,821 - INFO - Iteration: 13800, PSNR: 34.64240264892578
2024-04-28 22:51:51,704 - INFO - Iteration: 13900, PSNR: 33.72216796875
2024-04-28 22:52:08,657 - INFO - Iteration: 14000, PSNR: 34.02604675292969
2024-04-28 22:52:25,130 - INFO - Iteration: 14100, PSNR: 34.43233108520508
2024-04-28 22:52:41,446 - INFO - Iteration: 14200, PSNR: 35.982872009277344
2024-04-28 22:52:59,120 - INFO - Iteration: 14300, PSNR: 35.40618133544922
2024-04-28 22:53:16,464 - INFO - Iteration: 14400, PSNR: 35.22267150878906
2024-04-28 22:53:35,049 - INFO - Iteration: 14500, PSNR: 34.68376541137695
2024-04-28 22:53:52,243 - INFO - Iteration: 14600, PSNR: 35.95112228393555
2024-04-28 22:54:09,271 - INFO - Iteration: 14700, PSNR: 34.15697479248047
2024-04-28 22:54:24,508 - INFO - Iteration: 14800, PSNR: 36.5511474609375
2024-04-28 22:54:39,459 - INFO - Iteration: 14900, PSNR: 35.537506103515625
2024-04-28 22:54:57,670 - INFO - Iteration: 15000, PSNR: 35.49628448486328
2024-04-28 22:55:14,766 - INFO - Iteration: 15100, PSNR: 35.47343826293945
2024-04-28 22:55:31,174 - INFO - Iteration: 15200, PSNR: 34.15879440307617
2024-04-28 22:55:47,209 - INFO - Iteration: 15300, PSNR: 35.369598388671875
2024-04-28 22:56:06,347 - INFO - Iteration: 15400, PSNR: 36.42180252075195
2024-04-28 22:56:23,389 - INFO - Iteration: 15500, PSNR: 34.121253967285156
2024-04-28 22:56:39,991 - INFO - Iteration: 15600, PSNR: 34.61260986328125
2024-04-28 22:56:56,210 - INFO - Iteration: 15700, PSNR: 35.04621124267578
2024-04-28 22:57:15,080 - INFO - Iteration: 15800, PSNR: 34.936405181884766
2024-04-28 22:57:31,259 - INFO - Iteration: 15900, PSNR: 35.51887893676758
2024-04-28 22:57:47,051 - INFO - Iteration: 16000, PSNR: 35.38423156738281
2024-04-28 22:58:01,079 - INFO - Iteration: 16100, PSNR: 35.68367385864258
2024-04-28 22:58:16,964 - INFO - Iteration: 16200, PSNR: 35.24754333496094
2024-04-28 22:58:32,897 - INFO - Iteration: 16300, PSNR: 34.10967254638672
2024-04-28 22:58:49,345 - INFO - Iteration: 16400, PSNR: 36.06681442260742
2024-04-28 22:59:05,590 - INFO - Iteration: 16500, PSNR: 34.965606689453125
2024-04-28 22:59:21,335 - INFO - Iteration: 16600, PSNR: 34.937095642089844
2024-04-28 22:59:36,688 - INFO - Iteration: 16700, PSNR: 34.44438552856445
2024-04-28 22:59:53,040 - INFO - Iteration: 16800, PSNR: 35.24080276489258
2024-04-28 23:00:09,156 - INFO - Iteration: 16900, PSNR: 34.5010986328125
2024-04-28 23:00:25,597 - INFO - Iteration: 17000, PSNR: 34.84561538696289
2024-04-28 23:00:41,942 - INFO - Iteration: 17100, PSNR: 35.09938049316406
2024-04-28 23:00:58,269 - INFO - Iteration: 17200, PSNR: 36.29645919799805
2024-04-28 23:01:14,172 - INFO - Iteration: 17300, PSNR: 34.73450469970703
2024-04-28 23:01:30,682 - INFO - Iteration: 17400, PSNR: 34.27508544921875
2024-04-28 23:01:46,504 - INFO - Iteration: 17500, PSNR: 36.36073684692383
2024-04-28 23:02:01,133 - INFO - Iteration: 17600, PSNR: 34.455997467041016
2024-04-28 23:02:17,556 - INFO - Iteration: 17700, PSNR: 34.16592025756836
2024-04-28 23:02:34,216 - INFO - Iteration: 17800, PSNR: 35.46739959716797
2024-04-28 23:02:50,640 - INFO - Iteration: 17900, PSNR: 35.8134765625
2024-04-28 23:03:08,437 - INFO - Iteration: 18000, PSNR: 35.01460266113281
2024-04-28 23:03:25,730 - INFO - Iteration: 18100, PSNR: 35.88974380493164
2024-04-28 23:03:42,654 - INFO - Iteration: 18200, PSNR: 35.46710205078125
2024-04-28 23:03:58,085 - INFO - Iteration: 18300, PSNR: 33.93010330200195
2024-04-28 23:04:15,087 - INFO - Iteration: 18400, PSNR: 36.044639587402344
2024-04-28 23:04:31,388 - INFO - Iteration: 18500, PSNR: 36.046478271484375
2024-04-28 23:04:47,461 - INFO - Iteration: 18600, PSNR: 35.68629837036133
2024-04-28 23:05:03,847 - INFO - Iteration: 18700, PSNR: 35.14336013793945
2024-04-28 23:05:20,077 - INFO - Iteration: 18800, PSNR: 35.645877838134766
2024-04-28 23:05:36,534 - INFO - Iteration: 18900, PSNR: 34.7895393371582
2024-04-28 23:05:53,604 - INFO - Iteration: 19000, PSNR: 36.05360412597656
2024-04-28 23:06:09,611 - INFO - Iteration: 19100, PSNR: 36.0719108581543
2024-04-28 23:06:26,916 - INFO - Iteration: 19200, PSNR: 35.475830078125
2024-04-28 23:06:43,563 - INFO - Iteration: 19300, PSNR: 35.24089431762695
2024-04-28 23:06:59,784 - INFO - Iteration: 19400, PSNR: 36.31884765625
2024-04-28 23:07:16,122 - INFO - Iteration: 19500, PSNR: 35.2962646484375
2024-04-28 23:07:32,474 - INFO - Iteration: 19600, PSNR: 35.288578033447266
2024-04-28 23:07:49,233 - INFO - Iteration: 19700, PSNR: 36.11769485473633
2024-04-28 23:08:05,998 - INFO - Iteration: 19800, PSNR: 35.21861267089844
2024-04-28 23:08:22,251 - INFO - Iteration: 19900, PSNR: 36.491580963134766
2024-04-28 23:08:38,724 - INFO - Iteration: 20000, PSNR: 36.055084228515625
2024-04-28 23:08:38,724 - INFO - Processed model
2024-04-28 23:08:38,725 - INFO - Saving PSNRs
2024-04-28 23:08:38,726 - INFO - Saving model
2024-04-28 23:08:38,806 - INFO - Saving optimizer
2024-04-28 23:08:38,825 - INFO - DONE!
2024-04-28 23:08:38,851 - INFO - ***FINISHED***
