2024-04-26 22:01:33,982 - INFO - ***STARTING***
2024-04-26 22:23:40,441 - INFO - ***STARTING***
2024-04-26 22:23:41,817 - INFO - Started processing model
2024-04-26 22:23:42,527 - INFO - Iteration: 0, PSNR: 11.349688529968262
2024-04-26 22:23:47,555 - INFO - Iteration: 100, PSNR: 19.895099639892578
2024-04-26 22:23:52,554 - INFO - Iteration: 200, PSNR: 21.659353256225586
2024-04-26 22:23:57,587 - INFO - Iteration: 300, PSNR: 21.43760871887207
2024-04-26 22:24:02,638 - INFO - Iteration: 400, PSNR: 22.47879409790039
2024-04-26 22:24:07,574 - INFO - Iteration: 500, PSNR: 24.59595489501953
2024-04-26 22:24:12,570 - INFO - Iteration: 600, PSNR: 24.60080909729004
2024-04-26 22:24:17,666 - INFO - Iteration: 700, PSNR: 25.21137046813965
2024-04-26 22:24:22,683 - INFO - Iteration: 800, PSNR: 24.9349422454834
2024-04-26 22:24:27,990 - INFO - Iteration: 900, PSNR: 25.745553970336914
2024-04-26 22:24:33,157 - INFO - Iteration: 1000, PSNR: 26.077152252197266
2024-04-26 22:24:38,223 - INFO - Iteration: 1100, PSNR: 26.525516510009766
2024-04-26 22:24:43,191 - INFO - Iteration: 1200, PSNR: 25.173255920410156
2024-04-26 22:24:48,132 - INFO - Iteration: 1300, PSNR: 26.840999603271484
2024-04-26 22:24:53,359 - INFO - Iteration: 1400, PSNR: 26.365646362304688
2024-04-26 22:24:58,396 - INFO - Iteration: 1500, PSNR: 26.955968856811523
2024-04-26 22:25:03,541 - INFO - Iteration: 1600, PSNR: 26.9794864654541
2024-04-26 22:25:08,589 - INFO - Iteration: 1700, PSNR: 27.080812454223633
2024-04-26 22:25:13,655 - INFO - Iteration: 1800, PSNR: 27.68695640563965
2024-04-26 22:25:18,758 - INFO - Iteration: 1900, PSNR: 27.43711280822754
2024-04-26 22:25:24,222 - INFO - Iteration: 2000, PSNR: 26.72739028930664
2024-04-26 22:25:29,413 - INFO - Iteration: 2100, PSNR: 27.5339298248291
2024-04-26 22:25:34,557 - INFO - Iteration: 2200, PSNR: 28.002490997314453
2024-04-26 22:25:39,674 - INFO - Iteration: 2300, PSNR: 28.53349494934082
2024-04-26 22:25:44,716 - INFO - Iteration: 2400, PSNR: 28.811962127685547
2024-04-26 22:25:49,841 - INFO - Iteration: 2500, PSNR: 28.307933807373047
2024-04-26 22:25:55,113 - INFO - Iteration: 2600, PSNR: 28.917400360107422
2024-04-26 22:26:00,135 - INFO - Iteration: 2700, PSNR: 28.169429779052734
2024-04-26 22:26:05,177 - INFO - Iteration: 2800, PSNR: 28.791229248046875
2024-04-26 22:26:10,365 - INFO - Iteration: 2900, PSNR: 29.17841339111328
2024-04-26 22:26:15,553 - INFO - Iteration: 3000, PSNR: 28.984439849853516
2024-04-26 22:26:20,786 - INFO - Iteration: 3100, PSNR: 28.976518630981445
2024-04-26 22:26:26,043 - INFO - Iteration: 3200, PSNR: 29.505788803100586
2024-04-26 22:26:31,115 - INFO - Iteration: 3300, PSNR: 28.547536849975586
2024-04-26 22:26:36,254 - INFO - Iteration: 3400, PSNR: 29.25257682800293
2024-04-26 22:26:41,668 - INFO - Iteration: 3500, PSNR: 29.44867706298828
2024-04-26 22:26:46,698 - INFO - Iteration: 3600, PSNR: 29.020938873291016
2024-04-26 22:26:51,689 - INFO - Iteration: 3700, PSNR: 30.273515701293945
2024-04-26 22:26:56,717 - INFO - Iteration: 3800, PSNR: 30.008508682250977
2024-04-26 22:27:01,891 - INFO - Iteration: 3900, PSNR: 29.923391342163086
2024-04-26 22:27:07,241 - INFO - Iteration: 4000, PSNR: 30.465757369995117
2024-04-26 22:27:12,336 - INFO - Iteration: 4100, PSNR: 30.234352111816406
2024-04-26 22:27:17,606 - INFO - Iteration: 4200, PSNR: 29.87073516845703
2024-04-26 22:27:22,802 - INFO - Iteration: 4300, PSNR: 29.528125762939453
2024-04-26 22:27:27,860 - INFO - Iteration: 4400, PSNR: 30.479816436767578
2024-04-26 22:27:33,044 - INFO - Iteration: 4500, PSNR: 29.63055419921875
2024-04-26 22:27:38,271 - INFO - Iteration: 4600, PSNR: 30.437023162841797
2024-04-26 22:27:43,444 - INFO - Iteration: 4700, PSNR: 30.1377010345459
2024-04-26 22:27:48,631 - INFO - Iteration: 4800, PSNR: 30.788448333740234
2024-04-26 22:27:53,925 - INFO - Iteration: 4900, PSNR: 31.36362075805664
2024-04-26 22:27:59,110 - INFO - Iteration: 5000, PSNR: 31.019996643066406
2024-04-26 22:28:04,236 - INFO - Iteration: 5100, PSNR: 30.853195190429688
2024-04-26 22:28:09,377 - INFO - Iteration: 5200, PSNR: 31.47117805480957
2024-04-26 22:28:14,670 - INFO - Iteration: 5300, PSNR: 30.832910537719727
2024-04-26 22:28:19,640 - INFO - Iteration: 5400, PSNR: 31.39003562927246
2024-04-26 22:28:24,602 - INFO - Iteration: 5500, PSNR: 30.94322395324707
2024-04-26 22:28:29,794 - INFO - Iteration: 5600, PSNR: 31.005428314208984
2024-04-26 22:28:34,951 - INFO - Iteration: 5700, PSNR: 31.335338592529297
2024-04-26 22:28:40,066 - INFO - Iteration: 5800, PSNR: 30.858144760131836
2024-04-26 22:28:45,118 - INFO - Iteration: 5900, PSNR: 30.882469177246094
2024-04-26 22:28:50,446 - INFO - Iteration: 6000, PSNR: 32.14613342285156
2024-04-26 22:28:55,805 - INFO - Iteration: 6100, PSNR: 30.792715072631836
2024-04-26 22:29:00,851 - INFO - Iteration: 6200, PSNR: 32.17377471923828
2024-04-26 22:29:05,827 - INFO - Iteration: 6300, PSNR: 31.20853042602539
2024-04-26 22:29:11,012 - INFO - Iteration: 6400, PSNR: 30.550968170166016
2024-04-26 22:29:16,146 - INFO - Iteration: 6500, PSNR: 30.657808303833008
2024-04-26 22:29:21,250 - INFO - Iteration: 6600, PSNR: 31.853958129882812
2024-04-26 22:29:26,403 - INFO - Iteration: 6700, PSNR: 32.1739616394043
2024-04-26 22:29:31,460 - INFO - Iteration: 6800, PSNR: 31.4859619140625
2024-04-26 22:29:36,590 - INFO - Iteration: 6900, PSNR: 32.30046081542969
2024-04-26 22:29:41,930 - INFO - Iteration: 7000, PSNR: 31.057918548583984
2024-04-26 22:29:47,066 - INFO - Iteration: 7100, PSNR: 31.565921783447266
2024-04-26 22:29:52,376 - INFO - Iteration: 7200, PSNR: 31.71006202697754
2024-04-26 22:29:57,555 - INFO - Iteration: 7300, PSNR: 31.530235290527344
2024-04-26 22:30:02,710 - INFO - Iteration: 7400, PSNR: 32.15938186645508
2024-04-26 22:30:08,039 - INFO - Iteration: 7500, PSNR: 32.06772994995117
2024-04-26 22:30:13,166 - INFO - Iteration: 7600, PSNR: 32.43074035644531
2024-04-26 22:30:18,185 - INFO - Iteration: 7700, PSNR: 32.53399658203125
2024-04-26 22:30:23,575 - INFO - Iteration: 7800, PSNR: 31.574966430664062
2024-04-26 22:30:28,785 - INFO - Iteration: 7900, PSNR: 31.855022430419922
2024-04-26 22:30:34,053 - INFO - Iteration: 8000, PSNR: 31.970809936523438
2024-04-26 22:30:39,423 - INFO - Iteration: 8100, PSNR: 31.43783187866211
2024-04-26 22:30:44,649 - INFO - Iteration: 8200, PSNR: 32.249671936035156
2024-04-26 22:30:49,853 - INFO - Iteration: 8300, PSNR: 32.01370620727539
2024-04-26 22:30:54,934 - INFO - Iteration: 8400, PSNR: 32.6338996887207
2024-04-26 22:30:59,986 - INFO - Iteration: 8500, PSNR: 33.11540603637695
2024-04-26 22:31:05,036 - INFO - Iteration: 8600, PSNR: 32.528717041015625
2024-04-26 22:31:10,077 - INFO - Iteration: 8700, PSNR: 32.83757019042969
2024-04-26 22:31:15,298 - INFO - Iteration: 8800, PSNR: 32.56878662109375
2024-04-26 22:31:20,476 - INFO - Iteration: 8900, PSNR: 32.1912841796875
2024-04-26 22:31:25,824 - INFO - Iteration: 9000, PSNR: 32.18058776855469
2024-04-26 22:31:31,216 - INFO - Iteration: 9100, PSNR: 31.50535774230957
2024-04-26 22:31:36,264 - INFO - Iteration: 9200, PSNR: 31.74574089050293
2024-04-26 22:31:41,421 - INFO - Iteration: 9300, PSNR: 32.468326568603516
2024-04-26 22:31:46,532 - INFO - Iteration: 9400, PSNR: 31.97152328491211
2024-04-26 22:31:51,624 - INFO - Iteration: 9500, PSNR: 32.88776779174805
2024-04-26 22:31:56,961 - INFO - Iteration: 9600, PSNR: 32.06614303588867
2024-04-26 22:32:02,131 - INFO - Iteration: 9700, PSNR: 32.30042266845703
2024-04-26 22:32:07,260 - INFO - Iteration: 9800, PSNR: 31.041828155517578
2024-04-26 22:32:12,408 - INFO - Iteration: 9900, PSNR: 32.34716033935547
2024-04-26 22:32:17,613 - INFO - Iteration: 10000, PSNR: 32.748870849609375
2024-04-26 22:32:22,665 - INFO - Iteration: 10100, PSNR: 32.4110107421875
2024-04-26 22:32:27,831 - INFO - Iteration: 10200, PSNR: 32.96929168701172
2024-04-26 22:32:33,130 - INFO - Iteration: 10300, PSNR: 32.83102798461914
2024-04-26 22:32:38,179 - INFO - Iteration: 10400, PSNR: 32.770301818847656
2024-04-26 22:32:43,459 - INFO - Iteration: 10500, PSNR: 32.73190689086914
2024-04-26 22:32:48,789 - INFO - Iteration: 10600, PSNR: 32.668907165527344
2024-04-26 22:32:54,217 - INFO - Iteration: 10700, PSNR: 32.79861068725586
2024-04-26 22:32:59,740 - INFO - Iteration: 10800, PSNR: 32.345977783203125
2024-04-26 22:33:05,080 - INFO - Iteration: 10900, PSNR: 32.530609130859375
2024-04-26 22:33:10,621 - INFO - Iteration: 11000, PSNR: 32.92127990722656
2024-04-26 22:33:16,081 - INFO - Iteration: 11100, PSNR: 33.15074920654297
2024-04-26 22:33:21,307 - INFO - Iteration: 11200, PSNR: 32.918785095214844
2024-04-26 22:33:26,534 - INFO - Iteration: 11300, PSNR: 33.33753967285156
2024-04-26 22:33:31,632 - INFO - Iteration: 11400, PSNR: 33.432716369628906
2024-04-26 22:33:36,625 - INFO - Iteration: 11500, PSNR: 33.2617073059082
2024-04-26 22:33:41,739 - INFO - Iteration: 11600, PSNR: 33.030391693115234
2024-04-26 22:33:46,967 - INFO - Iteration: 11700, PSNR: 32.096282958984375
2024-04-26 22:33:51,986 - INFO - Iteration: 11800, PSNR: 32.926422119140625
2024-04-26 22:33:57,129 - INFO - Iteration: 11900, PSNR: 32.75216293334961
2024-04-26 22:34:02,478 - INFO - Iteration: 12000, PSNR: 32.881446838378906
2024-04-26 22:34:07,674 - INFO - Iteration: 12100, PSNR: 33.707759857177734
2024-04-26 22:34:12,794 - INFO - Iteration: 12200, PSNR: 31.870615005493164
2024-04-26 22:34:17,939 - INFO - Iteration: 12300, PSNR: 32.29151916503906
2024-04-26 22:34:23,204 - INFO - Iteration: 12400, PSNR: 32.75320053100586
2024-04-26 22:34:28,473 - INFO - Iteration: 12500, PSNR: 32.724388122558594
2024-04-26 22:34:33,776 - INFO - Iteration: 12600, PSNR: 32.97077941894531
2024-04-26 22:34:39,047 - INFO - Iteration: 12700, PSNR: 33.343421936035156
2024-04-26 22:34:44,276 - INFO - Iteration: 12800, PSNR: 32.96076965332031
2024-04-26 22:34:49,303 - INFO - Iteration: 12900, PSNR: 33.389259338378906
2024-04-26 22:34:54,534 - INFO - Iteration: 13000, PSNR: 33.335052490234375
2024-04-26 22:34:59,592 - INFO - Iteration: 13100, PSNR: 33.58599090576172
2024-04-26 22:35:04,760 - INFO - Iteration: 13200, PSNR: 33.242332458496094
2024-04-26 22:35:10,061 - INFO - Iteration: 13300, PSNR: 33.606571197509766
2024-04-26 22:35:15,210 - INFO - Iteration: 13400, PSNR: 33.449825286865234
2024-04-26 22:35:20,216 - INFO - Iteration: 13500, PSNR: 32.78657150268555
2024-04-26 22:35:25,285 - INFO - Iteration: 13600, PSNR: 33.69068908691406
2024-04-26 22:35:30,371 - INFO - Iteration: 13700, PSNR: 33.19168472290039
2024-04-26 22:35:35,758 - INFO - Iteration: 13800, PSNR: 32.60757064819336
2024-04-26 22:35:40,820 - INFO - Iteration: 13900, PSNR: 33.200828552246094
2024-04-26 22:35:45,943 - INFO - Iteration: 14000, PSNR: 32.92019271850586
2024-04-26 22:35:51,009 - INFO - Iteration: 14100, PSNR: 33.37608337402344
2024-04-26 22:35:56,173 - INFO - Iteration: 14200, PSNR: 32.65303421020508
2024-04-26 22:36:01,215 - INFO - Iteration: 14300, PSNR: 33.41691589355469
2024-04-26 22:36:06,275 - INFO - Iteration: 14400, PSNR: 32.7935905456543
2024-04-26 22:36:11,459 - INFO - Iteration: 14500, PSNR: 33.60564422607422
2024-04-26 22:36:16,613 - INFO - Iteration: 14600, PSNR: 32.88310241699219
2024-04-26 22:36:21,654 - INFO - Iteration: 14700, PSNR: 32.920040130615234
2024-04-26 22:36:26,659 - INFO - Iteration: 14800, PSNR: 33.79287338256836
2024-04-26 22:36:31,979 - INFO - Iteration: 14900, PSNR: 33.38380432128906
2024-04-26 22:36:37,439 - INFO - Iteration: 15000, PSNR: 33.77458953857422
2024-04-26 22:36:42,606 - INFO - Iteration: 15100, PSNR: 33.93263244628906
2024-04-26 22:36:47,651 - INFO - Iteration: 15200, PSNR: 33.619075775146484
2024-04-26 22:36:52,643 - INFO - Iteration: 15300, PSNR: 33.08477020263672
2024-04-26 22:36:57,674 - INFO - Iteration: 15400, PSNR: 33.58522415161133
2024-04-26 22:37:02,807 - INFO - Iteration: 15500, PSNR: 32.74183654785156
2024-04-26 22:37:07,901 - INFO - Iteration: 15600, PSNR: 33.319427490234375
2024-04-26 22:37:12,966 - INFO - Iteration: 15700, PSNR: 34.06130599975586
2024-04-26 22:37:18,082 - INFO - Iteration: 15800, PSNR: 33.300926208496094
2024-04-26 22:37:23,417 - INFO - Iteration: 15900, PSNR: 33.47432327270508
2024-04-26 22:37:28,616 - INFO - Iteration: 16000, PSNR: 33.97678756713867
2024-04-26 22:37:33,791 - INFO - Iteration: 16100, PSNR: 33.28221130371094
2024-04-26 22:37:38,980 - INFO - Iteration: 16200, PSNR: 34.34896469116211
2024-04-26 22:37:43,979 - INFO - Iteration: 16300, PSNR: 33.600624084472656
2024-04-26 22:37:49,282 - INFO - Iteration: 16400, PSNR: 33.442237854003906
2024-04-26 22:37:54,383 - INFO - Iteration: 16500, PSNR: 33.88572692871094
2024-04-26 22:37:59,346 - INFO - Iteration: 16600, PSNR: 33.74998474121094
2024-04-26 22:38:04,509 - INFO - Iteration: 16700, PSNR: 33.4879035949707
2024-04-26 22:38:10,024 - INFO - Iteration: 16800, PSNR: 33.56416702270508
2024-04-26 22:38:15,973 - INFO - Iteration: 16900, PSNR: 33.0423698425293
2024-04-26 22:38:22,298 - INFO - Iteration: 17000, PSNR: 33.520843505859375
2024-04-26 22:38:28,442 - INFO - Iteration: 17100, PSNR: 34.27937698364258
2024-04-26 22:38:34,486 - INFO - Iteration: 17200, PSNR: 33.896175384521484
2024-04-26 22:38:40,523 - INFO - Iteration: 17300, PSNR: 33.82853317260742
2024-04-26 22:38:46,556 - INFO - Iteration: 17400, PSNR: 34.12532424926758
2024-04-26 22:38:51,681 - INFO - Iteration: 17500, PSNR: 34.09712219238281
2024-04-26 22:38:56,731 - INFO - Iteration: 17600, PSNR: 33.618343353271484
2024-04-26 22:39:01,807 - INFO - Iteration: 17700, PSNR: 33.518280029296875
2024-04-26 22:39:07,810 - INFO - Iteration: 17800, PSNR: 33.42329025268555
2024-04-26 22:39:13,100 - INFO - Iteration: 17900, PSNR: 33.26008224487305
2024-04-26 22:39:18,424 - INFO - Iteration: 18000, PSNR: 33.501190185546875
2024-04-26 22:39:23,574 - INFO - Iteration: 18100, PSNR: 34.131858825683594
2024-04-26 22:39:28,928 - INFO - Iteration: 18200, PSNR: 33.734676361083984
2024-04-26 22:39:34,255 - INFO - Iteration: 18300, PSNR: 33.65239715576172
2024-04-26 22:39:39,608 - INFO - Iteration: 18400, PSNR: 34.14006042480469
2024-04-26 22:39:45,195 - INFO - Iteration: 18500, PSNR: 34.10145950317383
2024-04-26 22:39:50,742 - INFO - Iteration: 18600, PSNR: 33.80656814575195
2024-04-26 22:39:56,152 - INFO - Iteration: 18700, PSNR: 32.83843994140625
2024-04-26 22:40:01,558 - INFO - Iteration: 18800, PSNR: 34.11517333984375
2024-04-26 22:40:07,004 - INFO - Iteration: 18900, PSNR: 33.248573303222656
2024-04-26 22:40:12,587 - INFO - Iteration: 19000, PSNR: 33.40153121948242
2024-04-26 22:40:17,758 - INFO - Iteration: 19100, PSNR: 33.28936767578125
2024-04-26 22:40:22,861 - INFO - Iteration: 19200, PSNR: 33.59137725830078
2024-04-26 22:40:27,907 - INFO - Iteration: 19300, PSNR: 33.480838775634766
2024-04-26 22:40:32,950 - INFO - Iteration: 19400, PSNR: 33.561973571777344
2024-04-26 22:40:38,009 - INFO - Iteration: 19500, PSNR: 34.5284309387207
2024-04-26 22:40:43,055 - INFO - Iteration: 19600, PSNR: 34.127349853515625
2024-04-26 22:40:48,105 - INFO - Iteration: 19700, PSNR: 33.466064453125
2024-04-26 22:40:53,159 - INFO - Iteration: 19800, PSNR: 33.46605682373047
2024-04-26 22:40:58,237 - INFO - Iteration: 19900, PSNR: 33.64009094238281
2024-04-26 22:41:03,499 - INFO - Iteration: 20000, PSNR: 33.64889907836914
2024-04-26 22:41:03,499 - INFO - Processed model
2024-04-26 22:41:03,500 - INFO - Saving PSNRs
2024-04-26 22:41:03,500 - INFO - Saving model
2024-04-26 22:41:03,503 - INFO - Saving optimizer
2024-04-26 22:41:03,507 - INFO - DONE!
2024-04-26 22:41:03,518 - INFO - ***FINISHED***
