2024-04-28 22:13:31,849 - INFO - ***STARTING***
2024-04-28 22:13:39,971 - INFO - Started processing model
2024-04-28 22:13:42,504 - INFO - Iteration: 0, PSNR: 10.059188842773438
2024-04-28 22:13:55,570 - INFO - Iteration: 100, PSNR: 14.733671188354492
2024-04-28 22:14:08,404 - INFO - Iteration: 200, PSNR: 15.083581924438477
2024-04-28 22:14:21,576 - INFO - Iteration: 300, PSNR: 17.60411834716797
2024-04-28 22:14:34,957 - INFO - Iteration: 400, PSNR: 18.38509750366211
2024-04-28 22:14:47,969 - INFO - Iteration: 500, PSNR: 22.119808197021484
2024-04-28 22:15:02,958 - INFO - Iteration: 600, PSNR: 21.04022216796875
2024-04-28 22:15:16,528 - INFO - Iteration: 700, PSNR: 21.636011123657227
2024-04-28 22:15:29,896 - INFO - Iteration: 800, PSNR: 21.510412216186523
2024-04-28 22:15:44,164 - INFO - Iteration: 900, PSNR: 23.772151947021484
2024-04-28 22:16:00,920 - INFO - Iteration: 1000, PSNR: 23.654376983642578
2024-04-28 22:16:18,890 - INFO - Iteration: 1100, PSNR: 23.838369369506836
2024-04-28 22:16:35,639 - INFO - Iteration: 1200, PSNR: 24.950563430786133
2024-04-28 22:16:49,087 - INFO - Iteration: 1300, PSNR: 24.73659896850586
2024-04-28 22:17:03,475 - INFO - Iteration: 1400, PSNR: 24.457504272460938
2024-04-28 22:17:15,490 - INFO - Iteration: 1500, PSNR: 24.42732810974121
2024-04-28 22:17:29,057 - INFO - Iteration: 1600, PSNR: 25.9903564453125
2024-04-28 22:17:42,311 - INFO - Iteration: 1700, PSNR: 24.906749725341797
2024-04-28 22:17:56,141 - INFO - Iteration: 1800, PSNR: 25.473628997802734
2024-04-28 22:18:08,739 - INFO - Iteration: 1900, PSNR: 26.479652404785156
2024-04-28 22:18:22,902 - INFO - Iteration: 2000, PSNR: 26.95376205444336
2024-04-28 22:18:36,593 - INFO - Iteration: 2100, PSNR: 27.160377502441406
2024-04-28 22:18:50,191 - INFO - Iteration: 2200, PSNR: 27.41543197631836
2024-04-28 22:19:03,041 - INFO - Iteration: 2300, PSNR: 27.009593963623047
2024-04-28 22:19:16,827 - INFO - Iteration: 2400, PSNR: 26.58573341369629
2024-04-28 22:19:31,492 - INFO - Iteration: 2500, PSNR: 27.10097885131836
2024-04-28 22:19:44,846 - INFO - Iteration: 2600, PSNR: 27.61394500732422
2024-04-28 22:19:57,741 - INFO - Iteration: 2700, PSNR: 27.570053100585938
2024-04-28 22:20:11,948 - INFO - Iteration: 2800, PSNR: 27.89263916015625
2024-04-28 22:20:25,768 - INFO - Iteration: 2900, PSNR: 27.979049682617188
2024-04-28 22:20:39,890 - INFO - Iteration: 3000, PSNR: 27.448562622070312
2024-04-28 22:20:53,353 - INFO - Iteration: 3100, PSNR: 27.5096435546875
2024-04-28 22:21:06,397 - INFO - Iteration: 3200, PSNR: 27.22027015686035
2024-04-28 22:21:20,438 - INFO - Iteration: 3300, PSNR: 29.097736358642578
2024-04-28 22:21:33,834 - INFO - Iteration: 3400, PSNR: 28.415664672851562
2024-04-28 22:21:48,513 - INFO - Iteration: 3500, PSNR: 27.855228424072266
2024-04-28 22:22:02,360 - INFO - Iteration: 3600, PSNR: 28.51443862915039
2024-04-28 22:22:16,543 - INFO - Iteration: 3700, PSNR: 28.889564514160156
2024-04-28 22:22:33,835 - INFO - Iteration: 3800, PSNR: 26.000629425048828
2024-04-28 22:22:54,266 - INFO - Iteration: 3900, PSNR: 28.146747589111328
2024-04-28 22:23:12,746 - INFO - Iteration: 4000, PSNR: 28.375967025756836
2024-04-28 22:23:27,301 - INFO - Iteration: 4100, PSNR: 29.717330932617188
2024-04-28 22:23:41,394 - INFO - Iteration: 4200, PSNR: 29.259506225585938
2024-04-28 22:23:55,525 - INFO - Iteration: 4300, PSNR: 29.81741714477539
2024-04-28 22:24:09,246 - INFO - Iteration: 4400, PSNR: 29.121971130371094
2024-04-28 22:24:22,802 - INFO - Iteration: 4500, PSNR: 29.43088150024414
2024-04-28 22:24:36,525 - INFO - Iteration: 4600, PSNR: 29.632457733154297
2024-04-28 22:24:50,738 - INFO - Iteration: 4700, PSNR: 30.003433227539062
2024-04-28 22:25:03,884 - INFO - Iteration: 4800, PSNR: 30.284440994262695
2024-04-28 22:25:18,656 - INFO - Iteration: 4900, PSNR: 30.64789581298828
2024-04-28 22:25:32,115 - INFO - Iteration: 5000, PSNR: 29.754947662353516
2024-04-28 22:25:46,288 - INFO - Iteration: 5100, PSNR: 30.511215209960938
2024-04-28 22:25:59,689 - INFO - Iteration: 5200, PSNR: 29.92243003845215
2024-04-28 22:26:13,457 - INFO - Iteration: 5300, PSNR: 28.922054290771484
2024-04-28 22:26:27,712 - INFO - Iteration: 5400, PSNR: 30.689624786376953
2024-04-28 22:26:42,011 - INFO - Iteration: 5500, PSNR: 30.186363220214844
2024-04-28 22:26:56,675 - INFO - Iteration: 5600, PSNR: 30.863401412963867
2024-04-28 22:27:10,462 - INFO - Iteration: 5700, PSNR: 30.25242042541504
2024-04-28 22:27:24,559 - INFO - Iteration: 5800, PSNR: 31.248050689697266
2024-04-28 22:27:36,776 - INFO - Iteration: 5900, PSNR: 30.36893081665039
2024-04-28 22:27:51,460 - INFO - Iteration: 6000, PSNR: 30.63115692138672
2024-04-28 22:28:06,075 - INFO - Iteration: 6100, PSNR: 31.269132614135742
2024-04-28 22:28:20,344 - INFO - Iteration: 6200, PSNR: 31.26226234436035
2024-04-28 22:28:34,043 - INFO - Iteration: 6300, PSNR: 30.957109451293945
2024-04-28 22:28:48,515 - INFO - Iteration: 6400, PSNR: 30.89874267578125
2024-04-28 22:29:01,597 - INFO - Iteration: 6500, PSNR: 28.81147003173828
2024-04-28 22:29:13,803 - INFO - Iteration: 6600, PSNR: 29.193111419677734
2024-04-28 22:29:28,055 - INFO - Iteration: 6700, PSNR: 29.83658790588379
2024-04-28 22:29:41,812 - INFO - Iteration: 6800, PSNR: 30.653366088867188
2024-04-28 22:29:55,804 - INFO - Iteration: 6900, PSNR: 29.424592971801758
2024-04-28 22:30:09,526 - INFO - Iteration: 7000, PSNR: 30.388782501220703
2024-04-28 22:30:23,049 - INFO - Iteration: 7100, PSNR: 31.90829849243164
2024-04-28 22:30:36,170 - INFO - Iteration: 7200, PSNR: 31.925128936767578
2024-04-28 22:30:50,580 - INFO - Iteration: 7300, PSNR: 31.91598129272461
2024-04-28 22:31:03,350 - INFO - Iteration: 7400, PSNR: 31.251312255859375
2024-04-28 22:31:15,653 - INFO - Iteration: 7500, PSNR: 32.236820220947266
2024-04-28 22:31:30,466 - INFO - Iteration: 7600, PSNR: 32.34138488769531
2024-04-28 22:31:43,902 - INFO - Iteration: 7700, PSNR: 30.416357040405273
2024-04-28 22:31:58,284 - INFO - Iteration: 7800, PSNR: 30.58997917175293
2024-04-28 22:32:11,506 - INFO - Iteration: 7900, PSNR: 31.2477970123291
2024-04-28 22:32:27,966 - INFO - Iteration: 8000, PSNR: 31.505123138427734
2024-04-28 22:32:41,011 - INFO - Iteration: 8100, PSNR: 31.246252059936523
2024-04-28 22:32:55,558 - INFO - Iteration: 8200, PSNR: 32.303497314453125
2024-04-28 22:33:08,893 - INFO - Iteration: 8300, PSNR: 32.32330322265625
2024-04-28 22:33:22,196 - INFO - Iteration: 8400, PSNR: 30.57217025756836
2024-04-28 22:33:35,730 - INFO - Iteration: 8500, PSNR: 31.529882431030273
2024-04-28 22:33:50,944 - INFO - Iteration: 8600, PSNR: 31.369098663330078
2024-04-28 22:34:04,442 - INFO - Iteration: 8700, PSNR: 31.92255401611328
2024-04-28 22:34:18,018 - INFO - Iteration: 8800, PSNR: 32.992774963378906
2024-04-28 22:34:32,837 - INFO - Iteration: 8900, PSNR: 32.90502166748047
2024-04-28 22:34:46,565 - INFO - Iteration: 9000, PSNR: 33.55773162841797
2024-04-28 22:35:01,960 - INFO - Iteration: 9100, PSNR: 31.597904205322266
2024-04-28 22:35:15,852 - INFO - Iteration: 9200, PSNR: 31.972148895263672
2024-04-28 22:35:31,317 - INFO - Iteration: 9300, PSNR: 32.13340759277344
2024-04-28 22:35:45,820 - INFO - Iteration: 9400, PSNR: 32.23256301879883
2024-04-28 22:35:59,895 - INFO - Iteration: 9500, PSNR: 31.776050567626953
2024-04-28 22:36:13,950 - INFO - Iteration: 9600, PSNR: 32.14090347290039
2024-04-28 22:36:28,269 - INFO - Iteration: 9700, PSNR: 31.315916061401367
2024-04-28 22:36:41,917 - INFO - Iteration: 9800, PSNR: 32.14262771606445
2024-04-28 22:36:55,880 - INFO - Iteration: 9900, PSNR: 32.08222198486328
2024-04-28 22:37:10,618 - INFO - Iteration: 10000, PSNR: 31.19463348388672
2024-04-28 22:37:23,875 - INFO - Iteration: 10100, PSNR: 31.702987670898438
2024-04-28 22:37:37,225 - INFO - Iteration: 10200, PSNR: 30.388715744018555
2024-04-28 22:37:51,512 - INFO - Iteration: 10300, PSNR: 32.2927131652832
2024-04-28 22:38:03,691 - INFO - Iteration: 10400, PSNR: 32.44696807861328
2024-04-28 22:38:14,165 - INFO - Iteration: 10500, PSNR: 30.644540786743164
2024-04-28 22:38:25,193 - INFO - Iteration: 10600, PSNR: 30.437891006469727
2024-04-28 22:38:36,472 - INFO - Iteration: 10700, PSNR: 32.976158142089844
2024-04-28 22:38:47,581 - INFO - Iteration: 10800, PSNR: 32.41603469848633
2024-04-28 22:38:58,556 - INFO - Iteration: 10900, PSNR: 32.65319061279297
2024-04-28 22:39:10,264 - INFO - Iteration: 11000, PSNR: 33.29669189453125
2024-04-28 22:39:22,013 - INFO - Iteration: 11100, PSNR: 33.33818817138672
2024-04-28 22:39:33,521 - INFO - Iteration: 11200, PSNR: 32.03832244873047
2024-04-28 22:39:44,613 - INFO - Iteration: 11300, PSNR: 32.900794982910156
2024-04-28 22:39:55,931 - INFO - Iteration: 11400, PSNR: 31.907655715942383
2024-04-28 22:40:07,033 - INFO - Iteration: 11500, PSNR: 32.11228942871094
2024-04-28 22:40:18,088 - INFO - Iteration: 11600, PSNR: 32.87928009033203
2024-04-28 22:40:29,290 - INFO - Iteration: 11700, PSNR: 31.730318069458008
2024-04-28 22:40:41,462 - INFO - Iteration: 11800, PSNR: 32.444496154785156
2024-04-28 22:40:53,050 - INFO - Iteration: 11900, PSNR: 32.1965446472168
2024-04-28 22:41:04,596 - INFO - Iteration: 12000, PSNR: 31.39094352722168
2024-04-28 22:41:15,842 - INFO - Iteration: 12100, PSNR: 33.822792053222656
2024-04-28 22:41:27,282 - INFO - Iteration: 12200, PSNR: 31.905536651611328
2024-04-28 22:41:39,116 - INFO - Iteration: 12300, PSNR: 32.73328399658203
2024-04-28 22:41:50,701 - INFO - Iteration: 12400, PSNR: 31.888736724853516
2024-04-28 22:42:01,311 - INFO - Iteration: 12500, PSNR: 32.094234466552734
2024-04-28 22:42:12,773 - INFO - Iteration: 12600, PSNR: 32.567466735839844
2024-04-28 22:42:23,985 - INFO - Iteration: 12700, PSNR: 32.87234878540039
2024-04-28 22:42:35,150 - INFO - Iteration: 12800, PSNR: 32.46796798706055
2024-04-28 22:42:46,416 - INFO - Iteration: 12900, PSNR: 32.81619644165039
2024-04-28 22:42:57,832 - INFO - Iteration: 13000, PSNR: 33.080657958984375
2024-04-28 22:43:09,609 - INFO - Iteration: 13100, PSNR: 31.274784088134766
2024-04-28 22:43:20,522 - INFO - Iteration: 13200, PSNR: 33.66443634033203
2024-04-28 22:43:33,163 - INFO - Iteration: 13300, PSNR: 31.477558135986328
2024-04-28 22:43:46,550 - INFO - Iteration: 13400, PSNR: 32.036869049072266
2024-04-28 22:43:57,979 - INFO - Iteration: 13500, PSNR: 32.171478271484375
2024-04-28 22:44:11,469 - INFO - Iteration: 13600, PSNR: 32.819091796875
2024-04-28 22:44:25,609 - INFO - Iteration: 13700, PSNR: 33.51191711425781
2024-04-28 22:44:37,818 - INFO - Iteration: 13800, PSNR: 32.426151275634766
2024-04-28 22:44:50,999 - INFO - Iteration: 13900, PSNR: 32.53934860229492
2024-04-28 22:45:05,105 - INFO - Iteration: 14000, PSNR: 33.008567810058594
2024-04-28 22:45:17,482 - INFO - Iteration: 14100, PSNR: 33.785064697265625
2024-04-28 22:45:32,781 - INFO - Iteration: 14200, PSNR: 32.54389953613281
2024-04-28 22:45:51,260 - INFO - Iteration: 14300, PSNR: 32.0659294128418
2024-04-28 22:46:07,036 - INFO - Iteration: 14400, PSNR: 31.38580322265625
2024-04-28 22:46:24,738 - INFO - Iteration: 14500, PSNR: 33.20344161987305
2024-04-28 22:46:41,368 - INFO - Iteration: 14600, PSNR: 33.04802322387695
2024-04-28 22:46:58,806 - INFO - Iteration: 14700, PSNR: 31.935699462890625
2024-04-28 22:47:20,438 - INFO - Iteration: 14800, PSNR: 33.107391357421875
2024-04-28 22:47:39,340 - INFO - Iteration: 14900, PSNR: 32.05581283569336
2024-04-28 22:47:55,346 - INFO - Iteration: 15000, PSNR: 33.68454360961914
2024-04-28 22:48:15,114 - INFO - Iteration: 15100, PSNR: 32.207149505615234
2024-04-28 22:48:35,408 - INFO - Iteration: 15200, PSNR: 33.35431671142578
2024-04-28 22:48:51,009 - INFO - Iteration: 15300, PSNR: 34.28876495361328
2024-04-28 22:49:11,361 - INFO - Iteration: 15400, PSNR: 32.86079025268555
2024-04-28 22:49:31,174 - INFO - Iteration: 15500, PSNR: 34.44218063354492
2024-04-28 22:49:53,466 - INFO - Iteration: 15600, PSNR: 34.09084701538086
2024-04-28 22:50:07,933 - INFO - Iteration: 15700, PSNR: 34.225975036621094
2024-04-28 22:50:21,995 - INFO - Iteration: 15800, PSNR: 33.640201568603516
2024-04-28 22:50:33,176 - INFO - Iteration: 15900, PSNR: 33.237789154052734
2024-04-28 22:50:44,655 - INFO - Iteration: 16000, PSNR: 33.35942840576172
2024-04-28 22:50:55,633 - INFO - Iteration: 16100, PSNR: 33.8710823059082
2024-04-28 22:51:06,512 - INFO - Iteration: 16200, PSNR: 33.87961959838867
2024-04-28 22:51:17,468 - INFO - Iteration: 16300, PSNR: 33.860992431640625
2024-04-28 22:51:34,046 - INFO - Iteration: 16400, PSNR: 33.47232437133789
2024-04-28 22:51:51,119 - INFO - Iteration: 16500, PSNR: 32.36335754394531
2024-04-28 22:52:05,546 - INFO - Iteration: 16600, PSNR: 33.31040573120117
2024-04-28 22:52:21,299 - INFO - Iteration: 16700, PSNR: 34.13707733154297
2024-04-28 22:52:35,083 - INFO - Iteration: 16800, PSNR: 32.70903396606445
2024-04-28 22:52:47,585 - INFO - Iteration: 16900, PSNR: 34.37636947631836
2024-04-28 22:53:00,680 - INFO - Iteration: 17000, PSNR: 33.69842529296875
2024-04-28 22:53:15,095 - INFO - Iteration: 17100, PSNR: 33.76176452636719
2024-04-28 22:53:28,239 - INFO - Iteration: 17200, PSNR: 33.665279388427734
2024-04-28 22:53:42,206 - INFO - Iteration: 17300, PSNR: 34.19676971435547
2024-04-28 22:53:56,417 - INFO - Iteration: 17400, PSNR: 33.399959564208984
2024-04-28 22:54:11,503 - INFO - Iteration: 17500, PSNR: 33.66893005371094
2024-04-28 22:54:24,304 - INFO - Iteration: 17600, PSNR: 33.329742431640625
2024-04-28 22:54:38,167 - INFO - Iteration: 17700, PSNR: 34.96027755737305
2024-04-28 22:54:52,142 - INFO - Iteration: 17800, PSNR: 33.24591827392578
2024-04-28 22:55:07,882 - INFO - Iteration: 17900, PSNR: 32.31324005126953
2024-04-28 22:55:21,293 - INFO - Iteration: 18000, PSNR: 34.149085998535156
2024-04-28 22:55:34,419 - INFO - Iteration: 18100, PSNR: 34.47142791748047
2024-04-28 22:55:47,923 - INFO - Iteration: 18200, PSNR: 32.99946594238281
2024-04-28 22:56:05,269 - INFO - Iteration: 18300, PSNR: 34.62361145019531
2024-04-28 22:56:20,594 - INFO - Iteration: 18400, PSNR: 34.04097366333008
2024-04-28 22:56:34,663 - INFO - Iteration: 18500, PSNR: 34.606689453125
2024-04-28 22:56:48,267 - INFO - Iteration: 18600, PSNR: 33.7152214050293
2024-04-28 22:57:01,388 - INFO - Iteration: 18700, PSNR: 34.013221740722656
2024-04-28 22:57:15,870 - INFO - Iteration: 18800, PSNR: 35.05438232421875
2024-04-28 22:57:27,928 - INFO - Iteration: 18900, PSNR: 33.136802673339844
2024-04-28 22:57:40,358 - INFO - Iteration: 19000, PSNR: 33.757965087890625
2024-04-28 22:57:52,813 - INFO - Iteration: 19100, PSNR: 33.441585540771484
2024-04-28 22:58:05,382 - INFO - Iteration: 19200, PSNR: 34.43628692626953
2024-04-28 22:58:17,272 - INFO - Iteration: 19300, PSNR: 32.93980407714844
2024-04-28 22:58:28,873 - INFO - Iteration: 19400, PSNR: 34.27849578857422
2024-04-28 22:58:40,394 - INFO - Iteration: 19500, PSNR: 33.76081085205078
2024-04-28 22:58:51,190 - INFO - Iteration: 19600, PSNR: 33.05473327636719
2024-04-28 22:59:02,994 - INFO - Iteration: 19700, PSNR: 33.70993423461914
2024-04-28 22:59:16,612 - INFO - Iteration: 19800, PSNR: 34.694366455078125
2024-04-28 22:59:32,872 - INFO - Iteration: 19900, PSNR: 33.881385803222656
2024-04-28 22:59:43,966 - INFO - Iteration: 20000, PSNR: 33.63009262084961
2024-04-28 22:59:43,966 - INFO - Processed model
2024-04-28 22:59:43,966 - INFO - Saving PSNRs
2024-04-28 22:59:43,967 - INFO - Saving model
2024-04-28 22:59:44,024 - INFO - Saving optimizer
2024-04-28 22:59:44,032 - INFO - DONE!
2024-04-28 22:59:44,096 - INFO - ***FINISHED***
